CRITICAL - 2023-05-28 00:00:26 --> There is no data to update.
in SYSTEMPATH/BaseModel.php on line 924.
 1 SYSTEMPATH/BaseModel.php(924): CodeIgniter\Database\Exceptions\DataException::forEmptyDataset()
 2 SYSTEMPATH/Model.php(756): CodeIgniter\BaseModel->update()
 3 APPPATH/Models/UsuarioSistemaModel.php(113): CodeIgniter\Model->update()
 4 APPPATH/Controllers/PerfilUsuarioController.php(217): App\Models\UsuarioSistemaModel->bajaUsuario()
 5 SYSTEMPATH/CodeIgniter.php(934): App\Controllers\PerfilUsuarioController->bajaUsuario()
 6 SYSTEMPATH/CodeIgniter.php(499): CodeIgniter\CodeIgniter->runController()
 7 SYSTEMPATH/CodeIgniter.php(368): CodeIgniter\CodeIgniter->handleRequest()
 8 FCPATH/index.php(67): CodeIgniter\CodeIgniter->run()
CRITICAL - 2023-05-28 00:00:38 --> There is no data to update.
in SYSTEMPATH/BaseModel.php on line 924.
 1 SYSTEMPATH/BaseModel.php(924): CodeIgniter\Database\Exceptions\DataException::forEmptyDataset()
 2 SYSTEMPATH/Model.php(756): CodeIgniter\BaseModel->update()
 3 APPPATH/Models/UsuarioSistemaModel.php(113): CodeIgniter\Model->update()
 4 APPPATH/Controllers/PerfilUsuarioController.php(217): App\Models\UsuarioSistemaModel->bajaUsuario()
 5 SYSTEMPATH/CodeIgniter.php(934): App\Controllers\PerfilUsuarioController->bajaUsuario()
 6 SYSTEMPATH/CodeIgniter.php(499): CodeIgniter\CodeIgniter->runController()
 7 SYSTEMPATH/CodeIgniter.php(368): CodeIgniter\CodeIgniter->handleRequest()
 8 FCPATH/index.php(67): CodeIgniter\CodeIgniter->run()
CRITICAL - 2023-05-28 00:00:46 --> There is no data to update.
in SYSTEMPATH/BaseModel.php on line 924.
 1 SYSTEMPATH/BaseModel.php(924): CodeIgniter\Database\Exceptions\DataException::forEmptyDataset()
 2 SYSTEMPATH/Model.php(756): CodeIgniter\BaseModel->update()
 3 APPPATH/Models/UsuarioSistemaModel.php(113): CodeIgniter\Model->update()
 4 APPPATH/Controllers/PerfilUsuarioController.php(217): App\Models\UsuarioSistemaModel->bajaUsuario()
 5 SYSTEMPATH/CodeIgniter.php(934): App\Controllers\PerfilUsuarioController->bajaUsuario()
 6 SYSTEMPATH/CodeIgniter.php(499): CodeIgniter\CodeIgniter->runController()
 7 SYSTEMPATH/CodeIgniter.php(368): CodeIgniter\CodeIgniter->handleRequest()
 8 FCPATH/index.php(67): CodeIgniter\CodeIgniter->run()
CRITICAL - 2023-05-28 00:01:37 --> There is no data to update.
in SYSTEMPATH/BaseModel.php on line 924.
 1 SYSTEMPATH/BaseModel.php(924): CodeIgniter\Database\Exceptions\DataException::forEmptyDataset()
 2 SYSTEMPATH/Model.php(756): CodeIgniter\BaseModel->update()
 3 APPPATH/Models/UsuarioSistemaModel.php(114): CodeIgniter\Model->update()
 4 APPPATH/Controllers/PerfilUsuarioController.php(217): App\Models\UsuarioSistemaModel->bajaUsuario()
 5 SYSTEMPATH/CodeIgniter.php(934): App\Controllers\PerfilUsuarioController->bajaUsuario()
 6 SYSTEMPATH/CodeIgniter.php(499): CodeIgniter\CodeIgniter->runController()
 7 SYSTEMPATH/CodeIgniter.php(368): CodeIgniter\CodeIgniter->handleRequest()
 8 FCPATH/index.php(67): CodeIgniter\CodeIgniter->run()
