INFO - 2023-03-29 00:00:08 --> Session: Class initialized using 'CodeIgniter\Session\Handlers\FileHandler' driver.
INFO - 2023-03-29 00:00:08 --> Session: Class initialized using 'CodeIgniter\Session\Handlers\FileHandler' driver.
INFO - 2023-03-29 00:00:09 --> Session: Class initialized using 'CodeIgniter\Session\Handlers\FileHandler' driver.
INFO - 2023-03-29 00:00:09 --> Session: Class initialized using 'CodeIgniter\Session\Handlers\FileHandler' driver.
INFO - 2023-03-29 00:00:09 --> Session: Class initialized using 'CodeIgniter\Session\Handlers\FileHandler' driver.
INFO - 2023-03-29 00:00:10 --> Session: Class initialized using 'CodeIgniter\Session\Handlers\FileHandler' driver.
INFO - 2023-03-29 00:10:16 --> Session: Class initialized using 'CodeIgniter\Session\Handlers\FileHandler' driver.
INFO - 2023-03-29 18:46:38 --> Session: Class initialized using 'CodeIgniter\Session\Handlers\FileHandler' driver.
INFO - 2023-03-29 18:46:38 --> Session: Class initialized using 'CodeIgniter\Session\Handlers\FileHandler' driver.
INFO - 2023-03-29 18:46:46 --> Session: Class initialized using 'CodeIgniter\Session\Handlers\FileHandler' driver.
INFO - 2023-03-29 18:46:46 --> Session: Class initialized using 'CodeIgniter\Session\Handlers\FileHandler' driver.
INFO - 2023-03-29 18:46:48 --> Session: Class initialized using 'CodeIgniter\Session\Handlers\FileHandler' driver.
INFO - 2023-03-29 18:48:10 --> Session: Class initialized using 'CodeIgniter\Session\Handlers\FileHandler' driver.
INFO - 2023-03-29 18:54:25 --> Session: Class initialized using 'CodeIgniter\Session\Handlers\FileHandler' driver.
INFO - 2023-03-29 18:54:30 --> Session: Class initialized using 'CodeIgniter\Session\Handlers\FileHandler' driver.
INFO - 2023-03-29 18:54:30 --> Session: Class initialized using 'CodeIgniter\Session\Handlers\FileHandler' driver.
INFO - 2023-03-29 18:54:30 --> Session: Class initialized using 'CodeIgniter\Session\Handlers\FileHandler' driver.
INFO - 2023-03-29 18:56:55 --> Session: Class initialized using 'CodeIgniter\Session\Handlers\FileHandler' driver.
INFO - 2023-03-29 18:56:55 --> Session: Class initialized using 'CodeIgniter\Session\Handlers\FileHandler' driver.
INFO - 2023-03-29 18:56:56 --> Session: Class initialized using 'CodeIgniter\Session\Handlers\FileHandler' driver.
INFO - 2023-03-29 18:56:56 --> Session: Class initialized using 'CodeIgniter\Session\Handlers\FileHandler' driver.
INFO - 2023-03-29 18:57:37 --> Session: Class initialized using 'CodeIgniter\Session\Handlers\FileHandler' driver.
INFO - 2023-03-29 19:00:56 --> Session: Class initialized using 'CodeIgniter\Session\Handlers\FileHandler' driver.
INFO - 2023-03-29 19:01:08 --> Session: Class initialized using 'CodeIgniter\Session\Handlers\FileHandler' driver.
INFO - 2023-03-29 19:03:02 --> Session: Class initialized using 'CodeIgniter\Session\Handlers\FileHandler' driver.
INFO - 2023-03-29 19:09:17 --> Session: Class initialized using 'CodeIgniter\Session\Handlers\FileHandler' driver.
ERROR - 2023-03-29 19:09:17 --> mysqli_sql_exception: You have an error in your SQL syntax; check the manual that corresponds to your MariaDB server version for the right syntax to use near '[Erai-raws] Tsurune - Tsunagari no Issha - 13 END [1080p].mkv.torrent, 8256, ...' at line 1 in /home/dev/www/code4/system/Database/MySQLi/Connection.php:295
Stack trace:
#0 /home/dev/www/code4/system/Database/MySQLi/Connection.php(295): mysqli->query()
#1 /home/dev/www/code4/system/Database/BaseConnection.php(691): CodeIgniter\Database\MySQLi\Connection->execute()
#2 /home/dev/www/code4/system/Database/BaseConnection.php(605): CodeIgniter\Database\BaseConnection->simpleQuery()
#3 /home/dev/www/code4/system/Model.php(836): CodeIgniter\Database\BaseConnection->query()
#4 /home/dev/www/code4/app/Models/UploadFileModel.php(43): CodeIgniter\Model->__call()
#5 /home/dev/www/code4/app/Controllers/UploadFile.php(35): App\Models\UploadFileModel->uploadFile()
#6 /home/dev/www/code4/system/CodeIgniter.php(934): App\Controllers\UploadFile->subir()
#7 /home/dev/www/code4/system/CodeIgniter.php(499): CodeIgniter\CodeIgniter->runController()
#8 /home/dev/www/code4/system/CodeIgniter.php(368): CodeIgniter\CodeIgniter->handleRequest()
#9 /home/dev/www/code4/public/index.php(67): CodeIgniter\CodeIgniter->run()
#10 {main}
CRITICAL - 2023-03-29 19:09:17 --> You have an error in your SQL syntax; check the manual that corresponds to your MariaDB server version for the right syntax to use near '[Erai-raws] Tsurune - Tsunagari no Issha - 13 END [1080p].mkv.torrent, 8256, ...' at line 1
in SYSTEMPATH/Database/BaseConnection.php on line 645.
 1 SYSTEMPATH/Model.php(836): CodeIgniter\Database\BaseConnection->query()
 2 APPPATH/Models/UploadFileModel.php(43): CodeIgniter\Model->__call()
 3 APPPATH/Controllers/UploadFile.php(35): App\Models\UploadFileModel->uploadFile()
 4 SYSTEMPATH/CodeIgniter.php(934): App\Controllers\UploadFile->subir()
 5 SYSTEMPATH/CodeIgniter.php(499): CodeIgniter\CodeIgniter->runController()
 6 SYSTEMPATH/CodeIgniter.php(368): CodeIgniter\CodeIgniter->handleRequest()
 7 FCPATH/index.php(67): CodeIgniter\CodeIgniter->run()
INFO - 2023-03-29 19:09:36 --> Session: Class initialized using 'CodeIgniter\Session\Handlers\FileHandler' driver.
ERROR - 2023-03-29 19:09:36 --> mysqli_sql_exception: You have an error in your SQL syntax; check the manual that corresponds to your MariaDB server version for the right syntax to use near '[Erai-raws] Tsurune - Tsunagari no Issha - 13 END [1080p].mkv.torrent, 8256, ...' at line 1 in /home/dev/www/code4/system/Database/MySQLi/Connection.php:295
Stack trace:
#0 /home/dev/www/code4/system/Database/MySQLi/Connection.php(295): mysqli->query()
#1 /home/dev/www/code4/system/Database/BaseConnection.php(691): CodeIgniter\Database\MySQLi\Connection->execute()
#2 /home/dev/www/code4/system/Database/BaseConnection.php(605): CodeIgniter\Database\BaseConnection->simpleQuery()
#3 /home/dev/www/code4/system/Model.php(836): CodeIgniter\Database\BaseConnection->query()
#4 /home/dev/www/code4/app/Models/UploadFileModel.php(43): CodeIgniter\Model->__call()
#5 /home/dev/www/code4/app/Controllers/UploadFile.php(35): App\Models\UploadFileModel->uploadFile()
#6 /home/dev/www/code4/system/CodeIgniter.php(934): App\Controllers\UploadFile->subir()
#7 /home/dev/www/code4/system/CodeIgniter.php(499): CodeIgniter\CodeIgniter->runController()
#8 /home/dev/www/code4/system/CodeIgniter.php(368): CodeIgniter\CodeIgniter->handleRequest()
#9 /home/dev/www/code4/public/index.php(67): CodeIgniter\CodeIgniter->run()
#10 {main}
CRITICAL - 2023-03-29 19:09:36 --> You have an error in your SQL syntax; check the manual that corresponds to your MariaDB server version for the right syntax to use near '[Erai-raws] Tsurune - Tsunagari no Issha - 13 END [1080p].mkv.torrent, 8256, ...' at line 1
in SYSTEMPATH/Database/BaseConnection.php on line 645.
 1 SYSTEMPATH/Model.php(836): CodeIgniter\Database\BaseConnection->query()
 2 APPPATH/Models/UploadFileModel.php(43): CodeIgniter\Model->__call()
 3 APPPATH/Controllers/UploadFile.php(35): App\Models\UploadFileModel->uploadFile()
 4 SYSTEMPATH/CodeIgniter.php(934): App\Controllers\UploadFile->subir()
 5 SYSTEMPATH/CodeIgniter.php(499): CodeIgniter\CodeIgniter->runController()
 6 SYSTEMPATH/CodeIgniter.php(368): CodeIgniter\CodeIgniter->handleRequest()
 7 FCPATH/index.php(67): CodeIgniter\CodeIgniter->run()
INFO - 2023-03-29 19:14:06 --> Session: Class initialized using 'CodeIgniter\Session\Handlers\FileHandler' driver.
ERROR - 2023-03-29 19:14:06 --> mysqli_sql_exception: You have an error in your SQL syntax; check the manual that corresponds to your MariaDB server version for the right syntax to use near ')' at line 1 in /home/dev/www/code4/system/Database/MySQLi/Connection.php:295
Stack trace:
#0 /home/dev/www/code4/system/Database/MySQLi/Connection.php(295): mysqli->query()
#1 /home/dev/www/code4/system/Database/BaseConnection.php(691): CodeIgniter\Database\MySQLi\Connection->execute()
#2 /home/dev/www/code4/system/Database/BaseConnection.php(605): CodeIgniter\Database\BaseConnection->simpleQuery()
#3 /home/dev/www/code4/system/Model.php(836): CodeIgniter\Database\BaseConnection->query()
#4 /home/dev/www/code4/app/Models/UploadFileModel.php(43): CodeIgniter\Model->__call()
#5 /home/dev/www/code4/app/Controllers/UploadFile.php(35): App\Models\UploadFileModel->uploadFile()
#6 /home/dev/www/code4/system/CodeIgniter.php(934): App\Controllers\UploadFile->subir()
#7 /home/dev/www/code4/system/CodeIgniter.php(499): CodeIgniter\CodeIgniter->runController()
#8 /home/dev/www/code4/system/CodeIgniter.php(368): CodeIgniter\CodeIgniter->handleRequest()
#9 /home/dev/www/code4/public/index.php(67): CodeIgniter\CodeIgniter->run()
#10 {main}
CRITICAL - 2023-03-29 19:14:06 --> You have an error in your SQL syntax; check the manual that corresponds to your MariaDB server version for the right syntax to use near ')' at line 1
in SYSTEMPATH/Database/BaseConnection.php on line 645.
 1 SYSTEMPATH/Model.php(836): CodeIgniter\Database\BaseConnection->query()
 2 APPPATH/Models/UploadFileModel.php(43): CodeIgniter\Model->__call()
 3 APPPATH/Controllers/UploadFile.php(35): App\Models\UploadFileModel->uploadFile()
 4 SYSTEMPATH/CodeIgniter.php(934): App\Controllers\UploadFile->subir()
 5 SYSTEMPATH/CodeIgniter.php(499): CodeIgniter\CodeIgniter->runController()
 6 SYSTEMPATH/CodeIgniter.php(368): CodeIgniter\CodeIgniter->handleRequest()
 7 FCPATH/index.php(67): CodeIgniter\CodeIgniter->run()
INFO - 2023-03-29 19:14:08 --> Session: Class initialized using 'CodeIgniter\Session\Handlers\FileHandler' driver.
INFO - 2023-03-29 19:14:09 --> Session: Class initialized using 'CodeIgniter\Session\Handlers\FileHandler' driver.
INFO - 2023-03-29 19:14:10 --> Session: Class initialized using 'CodeIgniter\Session\Handlers\FileHandler' driver.
INFO - 2023-03-29 19:14:10 --> Session: Class initialized using 'CodeIgniter\Session\Handlers\FileHandler' driver.
INFO - 2023-03-29 19:14:10 --> Session: Class initialized using 'CodeIgniter\Session\Handlers\FileHandler' driver.
INFO - 2023-03-29 19:14:16 --> Session: Class initialized using 'CodeIgniter\Session\Handlers\FileHandler' driver.
ERROR - 2023-03-29 19:14:16 --> mysqli_sql_exception: You have an error in your SQL syntax; check the manual that corresponds to your MariaDB server version for the right syntax to use near 'e6207, uploads/64248e08e6207,jpg, 1, moluscos.jpg, 10, jpgaa, 2023-03-29,)' at line 1 in /home/dev/www/code4/system/Database/MySQLi/Connection.php:295
Stack trace:
#0 /home/dev/www/code4/system/Database/MySQLi/Connection.php(295): mysqli->query()
#1 /home/dev/www/code4/system/Database/BaseConnection.php(691): CodeIgniter\Database\MySQLi\Connection->execute()
#2 /home/dev/www/code4/system/Database/BaseConnection.php(605): CodeIgniter\Database\BaseConnection->simpleQuery()
#3 /home/dev/www/code4/system/Model.php(836): CodeIgniter\Database\BaseConnection->query()
#4 /home/dev/www/code4/app/Models/UploadFileModel.php(43): CodeIgniter\Model->__call()
#5 /home/dev/www/code4/app/Controllers/UploadFile.php(35): App\Models\UploadFileModel->uploadFile()
#6 /home/dev/www/code4/system/CodeIgniter.php(934): App\Controllers\UploadFile->subir()
#7 /home/dev/www/code4/system/CodeIgniter.php(499): CodeIgniter\CodeIgniter->runController()
#8 /home/dev/www/code4/system/CodeIgniter.php(368): CodeIgniter\CodeIgniter->handleRequest()
#9 /home/dev/www/code4/public/index.php(67): CodeIgniter\CodeIgniter->run()
#10 {main}
CRITICAL - 2023-03-29 19:14:16 --> You have an error in your SQL syntax; check the manual that corresponds to your MariaDB server version for the right syntax to use near 'e6207, uploads/64248e08e6207,jpg, 1, moluscos.jpg, 10, jpgaa, 2023-03-29,)' at line 1
in SYSTEMPATH/Database/BaseConnection.php on line 645.
 1 SYSTEMPATH/Model.php(836): CodeIgniter\Database\BaseConnection->query()
 2 APPPATH/Models/UploadFileModel.php(43): CodeIgniter\Model->__call()
 3 APPPATH/Controllers/UploadFile.php(35): App\Models\UploadFileModel->uploadFile()
 4 SYSTEMPATH/CodeIgniter.php(934): App\Controllers\UploadFile->subir()
 5 SYSTEMPATH/CodeIgniter.php(499): CodeIgniter\CodeIgniter->runController()
 6 SYSTEMPATH/CodeIgniter.php(368): CodeIgniter\CodeIgniter->handleRequest()
 7 FCPATH/index.php(67): CodeIgniter\CodeIgniter->run()
INFO - 2023-03-29 19:14:35 --> Session: Class initialized using 'CodeIgniter\Session\Handlers\FileHandler' driver.
INFO - 2023-03-29 19:14:36 --> Session: Class initialized using 'CodeIgniter\Session\Handlers\FileHandler' driver.
INFO - 2023-03-29 19:31:14 --> Session: Class initialized using 'CodeIgniter\Session\Handlers\FileHandler' driver.
INFO - 2023-03-29 19:33:54 --> Session: Class initialized using 'CodeIgniter\Session\Handlers\FileHandler' driver.
INFO - 2023-03-29 20:08:18 --> Session: Class initialized using 'CodeIgniter\Session\Handlers\FileHandler' driver.
INFO - 2023-03-29 20:08:39 --> Session: Class initialized using 'CodeIgniter\Session\Handlers\FileHandler' driver.
INFO - 2023-03-29 20:08:39 --> Session: Class initialized using 'CodeIgniter\Session\Handlers\FileHandler' driver.
INFO - 2023-03-29 20:08:39 --> Session: Class initialized using 'CodeIgniter\Session\Handlers\FileHandler' driver.
INFO - 2023-03-29 20:13:33 --> Session: Class initialized using 'CodeIgniter\Session\Handlers\FileHandler' driver.
INFO - 2023-03-29 20:13:34 --> Session: Class initialized using 'CodeIgniter\Session\Handlers\FileHandler' driver.
INFO - 2023-03-29 20:13:34 --> Session: Class initialized using 'CodeIgniter\Session\Handlers\FileHandler' driver.
INFO - 2023-03-29 20:13:34 --> Session: Class initialized using 'CodeIgniter\Session\Handlers\FileHandler' driver.
INFO - 2023-03-29 20:16:29 --> Session: Class initialized using 'CodeIgniter\Session\Handlers\FileHandler' driver.
INFO - 2023-03-29 20:18:18 --> Session: Class initialized using 'CodeIgniter\Session\Handlers\FileHandler' driver.
INFO - 2023-03-29 20:18:18 --> Session: Class initialized using 'CodeIgniter\Session\Handlers\FileHandler' driver.
INFO - 2023-03-29 20:18:18 --> Session: Class initialized using 'CodeIgniter\Session\Handlers\FileHandler' driver.
INFO - 2023-03-29 20:18:19 --> Session: Class initialized using 'CodeIgniter\Session\Handlers\FileHandler' driver.
INFO - 2023-03-29 20:18:54 --> Session: Class initialized using 'CodeIgniter\Session\Handlers\FileHandler' driver.
INFO - 2023-03-29 20:33:36 --> Session: Class initialized using 'CodeIgniter\Session\Handlers\FileHandler' driver.
INFO - 2023-03-29 20:34:03 --> Session: Class initialized using 'CodeIgniter\Session\Handlers\FileHandler' driver.
ERROR - 2023-03-29 20:34:03 --> mysqli_sql_exception: You have an error in your SQL syntax; check the manual that corresponds to your MariaDB server version for the right syntax to use near ''archivos' WHERE 'id_usuario' = '1'' at line 1 in /home/dev/www/code4/system/Database/MySQLi/Connection.php:295
Stack trace:
#0 /home/dev/www/code4/system/Database/MySQLi/Connection.php(295): mysqli->query()
#1 /home/dev/www/code4/system/Database/BaseConnection.php(691): CodeIgniter\Database\MySQLi\Connection->execute()
#2 /home/dev/www/code4/system/Database/BaseConnection.php(605): CodeIgniter\Database\BaseConnection->simpleQuery()
#3 /home/dev/www/code4/system/Model.php(836): CodeIgniter\Database\BaseConnection->query()
#4 /home/dev/www/code4/app/Models/HomeModel.php(26): CodeIgniter\Model->__call()
#5 /home/dev/www/code4/app/Controllers/Home.php(31): App\Models\HomeModel->getTotalSize()
#6 /home/dev/www/code4/app/Controllers/Home.php(22): App\Controllers\Home->getSize()
#7 /home/dev/www/code4/system/CodeIgniter.php(934): App\Controllers\Home->index()
#8 /home/dev/www/code4/system/CodeIgniter.php(499): CodeIgniter\CodeIgniter->runController()
#9 /home/dev/www/code4/system/CodeIgniter.php(368): CodeIgniter\CodeIgniter->handleRequest()
#10 /home/dev/www/code4/public/index.php(67): CodeIgniter\CodeIgniter->run()
#11 {main}
CRITICAL - 2023-03-29 20:34:03 --> You have an error in your SQL syntax; check the manual that corresponds to your MariaDB server version for the right syntax to use near ''archivos' WHERE 'id_usuario' = '1'' at line 1
in SYSTEMPATH/Database/BaseConnection.php on line 645.
 1 SYSTEMPATH/Model.php(836): CodeIgniter\Database\BaseConnection->query()
 2 APPPATH/Models/HomeModel.php(26): CodeIgniter\Model->__call()
 3 APPPATH/Controllers/Home.php(31): App\Models\HomeModel->getTotalSize()
 4 APPPATH/Controllers/Home.php(22): App\Controllers\Home->getSize()
 5 SYSTEMPATH/CodeIgniter.php(934): App\Controllers\Home->index()
 6 SYSTEMPATH/CodeIgniter.php(499): CodeIgniter\CodeIgniter->runController()
 7 SYSTEMPATH/CodeIgniter.php(368): CodeIgniter\CodeIgniter->handleRequest()
 8 FCPATH/index.php(67): CodeIgniter\CodeIgniter->run()
INFO - 2023-03-29 20:34:15 --> Session: Class initialized using 'CodeIgniter\Session\Handlers\FileHandler' driver.
ERROR - 2023-03-29 20:34:15 --> mysqli_sql_exception: You have an error in your SQL syntax; check the manual that corresponds to your MariaDB server version for the right syntax to use near ''archivos' WHERE 'id_usuario' = 1' at line 1 in /home/dev/www/code4/system/Database/MySQLi/Connection.php:295
Stack trace:
#0 /home/dev/www/code4/system/Database/MySQLi/Connection.php(295): mysqli->query()
#1 /home/dev/www/code4/system/Database/BaseConnection.php(691): CodeIgniter\Database\MySQLi\Connection->execute()
#2 /home/dev/www/code4/system/Database/BaseConnection.php(605): CodeIgniter\Database\BaseConnection->simpleQuery()
#3 /home/dev/www/code4/system/Model.php(836): CodeIgniter\Database\BaseConnection->query()
#4 /home/dev/www/code4/app/Models/HomeModel.php(26): CodeIgniter\Model->__call()
#5 /home/dev/www/code4/app/Controllers/Home.php(31): App\Models\HomeModel->getTotalSize()
#6 /home/dev/www/code4/app/Controllers/Home.php(22): App\Controllers\Home->getSize()
#7 /home/dev/www/code4/system/CodeIgniter.php(934): App\Controllers\Home->index()
#8 /home/dev/www/code4/system/CodeIgniter.php(499): CodeIgniter\CodeIgniter->runController()
#9 /home/dev/www/code4/system/CodeIgniter.php(368): CodeIgniter\CodeIgniter->handleRequest()
#10 /home/dev/www/code4/public/index.php(67): CodeIgniter\CodeIgniter->run()
#11 {main}
CRITICAL - 2023-03-29 20:34:15 --> You have an error in your SQL syntax; check the manual that corresponds to your MariaDB server version for the right syntax to use near ''archivos' WHERE 'id_usuario' = 1' at line 1
in SYSTEMPATH/Database/BaseConnection.php on line 645.
 1 SYSTEMPATH/Model.php(836): CodeIgniter\Database\BaseConnection->query()
 2 APPPATH/Models/HomeModel.php(26): CodeIgniter\Model->__call()
 3 APPPATH/Controllers/Home.php(31): App\Models\HomeModel->getTotalSize()
 4 APPPATH/Controllers/Home.php(22): App\Controllers\Home->getSize()
 5 SYSTEMPATH/CodeIgniter.php(934): App\Controllers\Home->index()
 6 SYSTEMPATH/CodeIgniter.php(499): CodeIgniter\CodeIgniter->runController()
 7 SYSTEMPATH/CodeIgniter.php(368): CodeIgniter\CodeIgniter->handleRequest()
 8 FCPATH/index.php(67): CodeIgniter\CodeIgniter->run()
INFO - 2023-03-29 20:40:06 --> Session: Class initialized using 'CodeIgniter\Session\Handlers\FileHandler' driver.
INFO - 2023-03-29 20:42:34 --> Session: Class initialized using 'CodeIgniter\Session\Handlers\FileHandler' driver.
INFO - 2023-03-29 20:43:05 --> Session: Class initialized using 'CodeIgniter\Session\Handlers\FileHandler' driver.
INFO - 2023-03-29 20:43:07 --> Session: Class initialized using 'CodeIgniter\Session\Handlers\FileHandler' driver.
INFO - 2023-03-29 20:43:55 --> Session: Class initialized using 'CodeIgniter\Session\Handlers\FileHandler' driver.
INFO - 2023-03-29 20:43:55 --> Session: Class initialized using 'CodeIgniter\Session\Handlers\FileHandler' driver.
INFO - 2023-03-29 20:43:55 --> Session: Class initialized using 'CodeIgniter\Session\Handlers\FileHandler' driver.
INFO - 2023-03-29 20:44:18 --> Session: Class initialized using 'CodeIgniter\Session\Handlers\FileHandler' driver.
INFO - 2023-03-29 20:44:18 --> Session: Class initialized using 'CodeIgniter\Session\Handlers\FileHandler' driver.
INFO - 2023-03-29 20:44:18 --> Session: Class initialized using 'CodeIgniter\Session\Handlers\FileHandler' driver.
INFO - 2023-03-29 21:15:54 --> Session: Class initialized using 'CodeIgniter\Session\Handlers\FileHandler' driver.
ERROR - 2023-03-29 21:15:54 --> mysqli_sql_exception: Unknown column 'usuarios.id_plan' in 'on clause' in /home/dev/www/code4/system/Database/MySQLi/Connection.php:295
Stack trace:
#0 /home/dev/www/code4/system/Database/MySQLi/Connection.php(295): mysqli->query()
#1 /home/dev/www/code4/system/Database/BaseConnection.php(691): CodeIgniter\Database\MySQLi\Connection->execute()
#2 /home/dev/www/code4/system/Database/BaseConnection.php(605): CodeIgniter\Database\BaseConnection->simpleQuery()
#3 /home/dev/www/code4/system/Database/BaseBuilder.php(1616): CodeIgniter\Database\BaseConnection->query()
#4 /home/dev/www/code4/system/Model.php(840): CodeIgniter\Database\BaseBuilder->get()
#5 /home/dev/www/code4/app/Models/HomeModel.php(37): CodeIgniter\Model->__call()
#6 /home/dev/www/code4/app/Controllers/Home.php(44): App\Models\HomeModel->getTotalSize()
#7 /home/dev/www/code4/app/Controllers/Home.php(23): App\Controllers\Home->getTotal()
#8 /home/dev/www/code4/system/CodeIgniter.php(934): App\Controllers\Home->index()
#9 /home/dev/www/code4/system/CodeIgniter.php(499): CodeIgniter\CodeIgniter->runController()
#10 /home/dev/www/code4/system/CodeIgniter.php(368): CodeIgniter\CodeIgniter->handleRequest()
#11 /home/dev/www/code4/public/index.php(67): CodeIgniter\CodeIgniter->run()
#12 {main}
CRITICAL - 2023-03-29 21:15:54 --> Unknown column 'usuarios.id_plan' in 'on clause'
in SYSTEMPATH/Database/BaseConnection.php on line 645.
 1 SYSTEMPATH/Database/BaseBuilder.php(1616): CodeIgniter\Database\BaseConnection->query()
 2 SYSTEMPATH/Model.php(840): CodeIgniter\Database\BaseBuilder->get()
 3 APPPATH/Models/HomeModel.php(37): CodeIgniter\Model->__call()
 4 APPPATH/Controllers/Home.php(44): App\Models\HomeModel->getTotalSize()
 5 APPPATH/Controllers/Home.php(23): App\Controllers\Home->getTotal()
 6 SYSTEMPATH/CodeIgniter.php(934): App\Controllers\Home->index()
 7 SYSTEMPATH/CodeIgniter.php(499): CodeIgniter\CodeIgniter->runController()
 8 SYSTEMPATH/CodeIgniter.php(368): CodeIgniter\CodeIgniter->handleRequest()
 9 FCPATH/index.php(67): CodeIgniter\CodeIgniter->run()
INFO - 2023-03-29 21:16:47 --> Session: Class initialized using 'CodeIgniter\Session\Handlers\FileHandler' driver.
ERROR - 2023-03-29 21:16:47 --> mysqli_sql_exception: Unknown column 'usuarios.id_plan' in 'on clause' in /home/dev/www/code4/system/Database/MySQLi/Connection.php:295
Stack trace:
#0 /home/dev/www/code4/system/Database/MySQLi/Connection.php(295): mysqli->query()
#1 /home/dev/www/code4/system/Database/BaseConnection.php(691): CodeIgniter\Database\MySQLi\Connection->execute()
#2 /home/dev/www/code4/system/Database/BaseConnection.php(605): CodeIgniter\Database\BaseConnection->simpleQuery()
#3 /home/dev/www/code4/system/Database/BaseBuilder.php(1616): CodeIgniter\Database\BaseConnection->query()
#4 /home/dev/www/code4/system/Model.php(840): CodeIgniter\Database\BaseBuilder->get()
#5 /home/dev/www/code4/app/Models/HomeModel.php(37): CodeIgniter\Model->__call()
#6 /home/dev/www/code4/app/Controllers/Home.php(44): App\Models\HomeModel->getTotalSize()
#7 /home/dev/www/code4/app/Controllers/Home.php(23): App\Controllers\Home->getTotal()
#8 /home/dev/www/code4/system/CodeIgniter.php(934): App\Controllers\Home->index()
#9 /home/dev/www/code4/system/CodeIgniter.php(499): CodeIgniter\CodeIgniter->runController()
#10 /home/dev/www/code4/system/CodeIgniter.php(368): CodeIgniter\CodeIgniter->handleRequest()
#11 /home/dev/www/code4/public/index.php(67): CodeIgniter\CodeIgniter->run()
#12 {main}
CRITICAL - 2023-03-29 21:16:47 --> Unknown column 'usuarios.id_plan' in 'on clause'
in SYSTEMPATH/Database/BaseConnection.php on line 645.
 1 SYSTEMPATH/Database/BaseBuilder.php(1616): CodeIgniter\Database\BaseConnection->query()
 2 SYSTEMPATH/Model.php(840): CodeIgniter\Database\BaseBuilder->get()
 3 APPPATH/Models/HomeModel.php(37): CodeIgniter\Model->__call()
 4 APPPATH/Controllers/Home.php(44): App\Models\HomeModel->getTotalSize()
 5 APPPATH/Controllers/Home.php(23): App\Controllers\Home->getTotal()
 6 SYSTEMPATH/CodeIgniter.php(934): App\Controllers\Home->index()
 7 SYSTEMPATH/CodeIgniter.php(499): CodeIgniter\CodeIgniter->runController()
 8 SYSTEMPATH/CodeIgniter.php(368): CodeIgniter\CodeIgniter->handleRequest()
 9 FCPATH/index.php(67): CodeIgniter\CodeIgniter->run()
INFO - 2023-03-29 21:18:31 --> Session: Class initialized using 'CodeIgniter\Session\Handlers\FileHandler' driver.
ERROR - 2023-03-29 21:18:31 --> mysqli_sql_exception: Unknown column 'usuarios.id_plan' in 'on clause' in /home/dev/www/code4/system/Database/MySQLi/Connection.php:295
Stack trace:
#0 /home/dev/www/code4/system/Database/MySQLi/Connection.php(295): mysqli->query()
#1 /home/dev/www/code4/system/Database/BaseConnection.php(691): CodeIgniter\Database\MySQLi\Connection->execute()
#2 /home/dev/www/code4/system/Database/BaseConnection.php(605): CodeIgniter\Database\BaseConnection->simpleQuery()
#3 /home/dev/www/code4/system/Database/BaseBuilder.php(1616): CodeIgniter\Database\BaseConnection->query()
#4 /home/dev/www/code4/system/Model.php(840): CodeIgniter\Database\BaseBuilder->get()
#5 /home/dev/www/code4/app/Models/HomeModel.php(37): CodeIgniter\Model->__call()
#6 /home/dev/www/code4/app/Controllers/Home.php(44): App\Models\HomeModel->getTotalSize()
#7 /home/dev/www/code4/app/Controllers/Home.php(23): App\Controllers\Home->getTotal()
#8 /home/dev/www/code4/system/CodeIgniter.php(934): App\Controllers\Home->index()
#9 /home/dev/www/code4/system/CodeIgniter.php(499): CodeIgniter\CodeIgniter->runController()
#10 /home/dev/www/code4/system/CodeIgniter.php(368): CodeIgniter\CodeIgniter->handleRequest()
#11 /home/dev/www/code4/public/index.php(67): CodeIgniter\CodeIgniter->run()
#12 {main}
CRITICAL - 2023-03-29 21:18:31 --> Unknown column 'usuarios.id_plan' in 'on clause'
in SYSTEMPATH/Database/BaseConnection.php on line 645.
 1 SYSTEMPATH/Database/BaseBuilder.php(1616): CodeIgniter\Database\BaseConnection->query()
 2 SYSTEMPATH/Model.php(840): CodeIgniter\Database\BaseBuilder->get()
 3 APPPATH/Models/HomeModel.php(37): CodeIgniter\Model->__call()
 4 APPPATH/Controllers/Home.php(44): App\Models\HomeModel->getTotalSize()
 5 APPPATH/Controllers/Home.php(23): App\Controllers\Home->getTotal()
 6 SYSTEMPATH/CodeIgniter.php(934): App\Controllers\Home->index()
 7 SYSTEMPATH/CodeIgniter.php(499): CodeIgniter\CodeIgniter->runController()
 8 SYSTEMPATH/CodeIgniter.php(368): CodeIgniter\CodeIgniter->handleRequest()
 9 FCPATH/index.php(67): CodeIgniter\CodeIgniter->run()
INFO - 2023-03-29 21:24:48 --> Session: Class initialized using 'CodeIgniter\Session\Handlers\FileHandler' driver.
ERROR - 2023-03-29 21:24:48 --> mysqli_sql_exception: Unknown column 'usuarios.id_plan' in 'on clause' in /home/dev/www/code4/system/Database/MySQLi/Connection.php:295
Stack trace:
#0 /home/dev/www/code4/system/Database/MySQLi/Connection.php(295): mysqli->query()
#1 /home/dev/www/code4/system/Database/BaseConnection.php(691): CodeIgniter\Database\MySQLi\Connection->execute()
#2 /home/dev/www/code4/system/Database/BaseConnection.php(605): CodeIgniter\Database\BaseConnection->simpleQuery()
#3 /home/dev/www/code4/system/Database/BaseBuilder.php(1616): CodeIgniter\Database\BaseConnection->query()
#4 /home/dev/www/code4/system/Model.php(840): CodeIgniter\Database\BaseBuilder->get()
#5 /home/dev/www/code4/app/Models/HomeModel.php(37): CodeIgniter\Model->__call()
#6 /home/dev/www/code4/app/Controllers/Home.php(44): App\Models\HomeModel->getTotalSize()
#7 /home/dev/www/code4/app/Controllers/Home.php(23): App\Controllers\Home->getTotal()
#8 /home/dev/www/code4/system/CodeIgniter.php(934): App\Controllers\Home->index()
#9 /home/dev/www/code4/system/CodeIgniter.php(499): CodeIgniter\CodeIgniter->runController()
#10 /home/dev/www/code4/system/CodeIgniter.php(368): CodeIgniter\CodeIgniter->handleRequest()
#11 /home/dev/www/code4/public/index.php(67): CodeIgniter\CodeIgniter->run()
#12 {main}
CRITICAL - 2023-03-29 21:24:48 --> Unknown column 'usuarios.id_plan' in 'on clause'
in SYSTEMPATH/Database/BaseConnection.php on line 645.
 1 SYSTEMPATH/Database/BaseBuilder.php(1616): CodeIgniter\Database\BaseConnection->query()
 2 SYSTEMPATH/Model.php(840): CodeIgniter\Database\BaseBuilder->get()
 3 APPPATH/Models/HomeModel.php(37): CodeIgniter\Model->__call()
 4 APPPATH/Controllers/Home.php(44): App\Models\HomeModel->getTotalSize()
 5 APPPATH/Controllers/Home.php(23): App\Controllers\Home->getTotal()
 6 SYSTEMPATH/CodeIgniter.php(934): App\Controllers\Home->index()
 7 SYSTEMPATH/CodeIgniter.php(499): CodeIgniter\CodeIgniter->runController()
 8 SYSTEMPATH/CodeIgniter.php(368): CodeIgniter\CodeIgniter->handleRequest()
 9 FCPATH/index.php(67): CodeIgniter\CodeIgniter->run()
INFO - 2023-03-29 21:24:49 --> Session: Class initialized using 'CodeIgniter\Session\Handlers\FileHandler' driver.
ERROR - 2023-03-29 21:24:49 --> mysqli_sql_exception: Unknown column 'usuarios.id_plan' in 'on clause' in /home/dev/www/code4/system/Database/MySQLi/Connection.php:295
Stack trace:
#0 /home/dev/www/code4/system/Database/MySQLi/Connection.php(295): mysqli->query()
#1 /home/dev/www/code4/system/Database/BaseConnection.php(691): CodeIgniter\Database\MySQLi\Connection->execute()
#2 /home/dev/www/code4/system/Database/BaseConnection.php(605): CodeIgniter\Database\BaseConnection->simpleQuery()
#3 /home/dev/www/code4/system/Database/BaseBuilder.php(1616): CodeIgniter\Database\BaseConnection->query()
#4 /home/dev/www/code4/system/Model.php(840): CodeIgniter\Database\BaseBuilder->get()
#5 /home/dev/www/code4/app/Models/HomeModel.php(37): CodeIgniter\Model->__call()
#6 /home/dev/www/code4/app/Controllers/Home.php(44): App\Models\HomeModel->getTotalSize()
#7 /home/dev/www/code4/app/Controllers/Home.php(23): App\Controllers\Home->getTotal()
#8 /home/dev/www/code4/system/CodeIgniter.php(934): App\Controllers\Home->index()
#9 /home/dev/www/code4/system/CodeIgniter.php(499): CodeIgniter\CodeIgniter->runController()
#10 /home/dev/www/code4/system/CodeIgniter.php(368): CodeIgniter\CodeIgniter->handleRequest()
#11 /home/dev/www/code4/public/index.php(67): CodeIgniter\CodeIgniter->run()
#12 {main}
CRITICAL - 2023-03-29 21:24:49 --> Unknown column 'usuarios.id_plan' in 'on clause'
in SYSTEMPATH/Database/BaseConnection.php on line 645.
 1 SYSTEMPATH/Database/BaseBuilder.php(1616): CodeIgniter\Database\BaseConnection->query()
 2 SYSTEMPATH/Model.php(840): CodeIgniter\Database\BaseBuilder->get()
 3 APPPATH/Models/HomeModel.php(37): CodeIgniter\Model->__call()
 4 APPPATH/Controllers/Home.php(44): App\Models\HomeModel->getTotalSize()
 5 APPPATH/Controllers/Home.php(23): App\Controllers\Home->getTotal()
 6 SYSTEMPATH/CodeIgniter.php(934): App\Controllers\Home->index()
 7 SYSTEMPATH/CodeIgniter.php(499): CodeIgniter\CodeIgniter->runController()
 8 SYSTEMPATH/CodeIgniter.php(368): CodeIgniter\CodeIgniter->handleRequest()
 9 FCPATH/index.php(67): CodeIgniter\CodeIgniter->run()
INFO - 2023-03-29 21:30:20 --> Session: Class initialized using 'CodeIgniter\Session\Handlers\FileHandler' driver.
ERROR - 2023-03-29 21:30:20 --> mysqli_sql_exception: Unknown column 'usuarios.id_plan' in 'on clause' in /home/dev/www/code4/system/Database/MySQLi/Connection.php:295
Stack trace:
#0 /home/dev/www/code4/system/Database/MySQLi/Connection.php(295): mysqli->query()
#1 /home/dev/www/code4/system/Database/BaseConnection.php(691): CodeIgniter\Database\MySQLi\Connection->execute()
#2 /home/dev/www/code4/system/Database/BaseConnection.php(605): CodeIgniter\Database\BaseConnection->simpleQuery()
#3 /home/dev/www/code4/system/Database/BaseBuilder.php(1616): CodeIgniter\Database\BaseConnection->query()
#4 /home/dev/www/code4/system/Model.php(840): CodeIgniter\Database\BaseBuilder->get()
#5 /home/dev/www/code4/app/Models/HomeModel.php(37): CodeIgniter\Model->__call()
#6 /home/dev/www/code4/app/Controllers/Home.php(44): App\Models\HomeModel->getTotalSize()
#7 /home/dev/www/code4/app/Controllers/Home.php(23): App\Controllers\Home->getTotal()
#8 /home/dev/www/code4/system/CodeIgniter.php(934): App\Controllers\Home->index()
#9 /home/dev/www/code4/system/CodeIgniter.php(499): CodeIgniter\CodeIgniter->runController()
#10 /home/dev/www/code4/system/CodeIgniter.php(368): CodeIgniter\CodeIgniter->handleRequest()
#11 /home/dev/www/code4/public/index.php(67): CodeIgniter\CodeIgniter->run()
#12 {main}
CRITICAL - 2023-03-29 21:30:20 --> Unknown column 'usuarios.id_plan' in 'on clause'
in SYSTEMPATH/Database/BaseConnection.php on line 645.
 1 SYSTEMPATH/Database/BaseBuilder.php(1616): CodeIgniter\Database\BaseConnection->query()
 2 SYSTEMPATH/Model.php(840): CodeIgniter\Database\BaseBuilder->get()
 3 APPPATH/Models/HomeModel.php(37): CodeIgniter\Model->__call()
 4 APPPATH/Controllers/Home.php(44): App\Models\HomeModel->getTotalSize()
 5 APPPATH/Controllers/Home.php(23): App\Controllers\Home->getTotal()
 6 SYSTEMPATH/CodeIgniter.php(934): App\Controllers\Home->index()
 7 SYSTEMPATH/CodeIgniter.php(499): CodeIgniter\CodeIgniter->runController()
 8 SYSTEMPATH/CodeIgniter.php(368): CodeIgniter\CodeIgniter->handleRequest()
 9 FCPATH/index.php(67): CodeIgniter\CodeIgniter->run()
INFO - 2023-03-29 21:31:20 --> Session: Class initialized using 'CodeIgniter\Session\Handlers\FileHandler' driver.
ERROR - 2023-03-29 21:31:20 --> mysqli_sql_exception: Unknown column 'usuarios.id_plan' in 'on clause' in /home/dev/www/code4/system/Database/MySQLi/Connection.php:295
Stack trace:
#0 /home/dev/www/code4/system/Database/MySQLi/Connection.php(295): mysqli->query()
#1 /home/dev/www/code4/system/Database/BaseConnection.php(691): CodeIgniter\Database\MySQLi\Connection->execute()
#2 /home/dev/www/code4/system/Database/BaseConnection.php(605): CodeIgniter\Database\BaseConnection->simpleQuery()
#3 /home/dev/www/code4/system/Database/BaseBuilder.php(1616): CodeIgniter\Database\BaseConnection->query()
#4 /home/dev/www/code4/system/Model.php(840): CodeIgniter\Database\BaseBuilder->get()
#5 /home/dev/www/code4/app/Models/HomeModel.php(37): CodeIgniter\Model->__call()
#6 /home/dev/www/code4/app/Controllers/Home.php(44): App\Models\HomeModel->getTotalSize()
#7 /home/dev/www/code4/app/Controllers/Home.php(23): App\Controllers\Home->getTotal()
#8 /home/dev/www/code4/system/CodeIgniter.php(934): App\Controllers\Home->index()
#9 /home/dev/www/code4/system/CodeIgniter.php(499): CodeIgniter\CodeIgniter->runController()
#10 /home/dev/www/code4/system/CodeIgniter.php(368): CodeIgniter\CodeIgniter->handleRequest()
#11 /home/dev/www/code4/public/index.php(67): CodeIgniter\CodeIgniter->run()
#12 {main}
CRITICAL - 2023-03-29 21:31:20 --> Unknown column 'usuarios.id_plan' in 'on clause'
in SYSTEMPATH/Database/BaseConnection.php on line 645.
 1 SYSTEMPATH/Database/BaseBuilder.php(1616): CodeIgniter\Database\BaseConnection->query()
 2 SYSTEMPATH/Model.php(840): CodeIgniter\Database\BaseBuilder->get()
 3 APPPATH/Models/HomeModel.php(37): CodeIgniter\Model->__call()
 4 APPPATH/Controllers/Home.php(44): App\Models\HomeModel->getTotalSize()
 5 APPPATH/Controllers/Home.php(23): App\Controllers\Home->getTotal()
 6 SYSTEMPATH/CodeIgniter.php(934): App\Controllers\Home->index()
 7 SYSTEMPATH/CodeIgniter.php(499): CodeIgniter\CodeIgniter->runController()
 8 SYSTEMPATH/CodeIgniter.php(368): CodeIgniter\CodeIgniter->handleRequest()
 9 FCPATH/index.php(67): CodeIgniter\CodeIgniter->run()
INFO - 2023-03-29 21:31:21 --> Session: Class initialized using 'CodeIgniter\Session\Handlers\FileHandler' driver.
ERROR - 2023-03-29 21:31:21 --> mysqli_sql_exception: Unknown column 'usuarios.id_plan' in 'on clause' in /home/dev/www/code4/system/Database/MySQLi/Connection.php:295
Stack trace:
#0 /home/dev/www/code4/system/Database/MySQLi/Connection.php(295): mysqli->query()
#1 /home/dev/www/code4/system/Database/BaseConnection.php(691): CodeIgniter\Database\MySQLi\Connection->execute()
#2 /home/dev/www/code4/system/Database/BaseConnection.php(605): CodeIgniter\Database\BaseConnection->simpleQuery()
#3 /home/dev/www/code4/system/Database/BaseBuilder.php(1616): CodeIgniter\Database\BaseConnection->query()
#4 /home/dev/www/code4/system/Model.php(840): CodeIgniter\Database\BaseBuilder->get()
#5 /home/dev/www/code4/app/Models/HomeModel.php(37): CodeIgniter\Model->__call()
#6 /home/dev/www/code4/app/Controllers/Home.php(44): App\Models\HomeModel->getTotalSize()
#7 /home/dev/www/code4/app/Controllers/Home.php(23): App\Controllers\Home->getTotal()
#8 /home/dev/www/code4/system/CodeIgniter.php(934): App\Controllers\Home->index()
#9 /home/dev/www/code4/system/CodeIgniter.php(499): CodeIgniter\CodeIgniter->runController()
#10 /home/dev/www/code4/system/CodeIgniter.php(368): CodeIgniter\CodeIgniter->handleRequest()
#11 /home/dev/www/code4/public/index.php(67): CodeIgniter\CodeIgniter->run()
#12 {main}
CRITICAL - 2023-03-29 21:31:22 --> Unknown column 'usuarios.id_plan' in 'on clause'
in SYSTEMPATH/Database/BaseConnection.php on line 645.
 1 SYSTEMPATH/Database/BaseBuilder.php(1616): CodeIgniter\Database\BaseConnection->query()
 2 SYSTEMPATH/Model.php(840): CodeIgniter\Database\BaseBuilder->get()
 3 APPPATH/Models/HomeModel.php(37): CodeIgniter\Model->__call()
 4 APPPATH/Controllers/Home.php(44): App\Models\HomeModel->getTotalSize()
 5 APPPATH/Controllers/Home.php(23): App\Controllers\Home->getTotal()
 6 SYSTEMPATH/CodeIgniter.php(934): App\Controllers\Home->index()
 7 SYSTEMPATH/CodeIgniter.php(499): CodeIgniter\CodeIgniter->runController()
 8 SYSTEMPATH/CodeIgniter.php(368): CodeIgniter\CodeIgniter->handleRequest()
 9 FCPATH/index.php(67): CodeIgniter\CodeIgniter->run()
INFO - 2023-03-29 21:32:14 --> Session: Class initialized using 'CodeIgniter\Session\Handlers\FileHandler' driver.
ERROR - 2023-03-29 21:32:14 --> mysqli_sql_exception: Unknown column 'usuarios.id_plan' in 'on clause' in /home/dev/www/code4/system/Database/MySQLi/Connection.php:295
Stack trace:
#0 /home/dev/www/code4/system/Database/MySQLi/Connection.php(295): mysqli->query()
#1 /home/dev/www/code4/system/Database/BaseConnection.php(691): CodeIgniter\Database\MySQLi\Connection->execute()
#2 /home/dev/www/code4/system/Database/BaseConnection.php(605): CodeIgniter\Database\BaseConnection->simpleQuery()
#3 /home/dev/www/code4/system/Database/BaseBuilder.php(1616): CodeIgniter\Database\BaseConnection->query()
#4 /home/dev/www/code4/system/Model.php(840): CodeIgniter\Database\BaseBuilder->get()
#5 /home/dev/www/code4/app/Models/HomeModel.php(37): CodeIgniter\Model->__call()
#6 /home/dev/www/code4/app/Controllers/Home.php(44): App\Models\HomeModel->getTotalSize()
#7 /home/dev/www/code4/app/Controllers/Home.php(23): App\Controllers\Home->getTotal()
#8 /home/dev/www/code4/system/CodeIgniter.php(934): App\Controllers\Home->index()
#9 /home/dev/www/code4/system/CodeIgniter.php(499): CodeIgniter\CodeIgniter->runController()
#10 /home/dev/www/code4/system/CodeIgniter.php(368): CodeIgniter\CodeIgniter->handleRequest()
#11 /home/dev/www/code4/public/index.php(67): CodeIgniter\CodeIgniter->run()
#12 {main}
CRITICAL - 2023-03-29 21:32:14 --> Unknown column 'usuarios.id_plan' in 'on clause'
in SYSTEMPATH/Database/BaseConnection.php on line 645.
 1 SYSTEMPATH/Database/BaseBuilder.php(1616): CodeIgniter\Database\BaseConnection->query()
 2 SYSTEMPATH/Model.php(840): CodeIgniter\Database\BaseBuilder->get()
 3 APPPATH/Models/HomeModel.php(37): CodeIgniter\Model->__call()
 4 APPPATH/Controllers/Home.php(44): App\Models\HomeModel->getTotalSize()
 5 APPPATH/Controllers/Home.php(23): App\Controllers\Home->getTotal()
 6 SYSTEMPATH/CodeIgniter.php(934): App\Controllers\Home->index()
 7 SYSTEMPATH/CodeIgniter.php(499): CodeIgniter\CodeIgniter->runController()
 8 SYSTEMPATH/CodeIgniter.php(368): CodeIgniter\CodeIgniter->handleRequest()
 9 FCPATH/index.php(67): CodeIgniter\CodeIgniter->run()
INFO - 2023-03-29 21:35:39 --> Session: Class initialized using 'CodeIgniter\Session\Handlers\FileHandler' driver.
ERROR - 2023-03-29 21:35:39 --> mysqli_sql_exception: Unknown column 'usuarios.id_plan' in 'on clause' in /home/dev/www/code4/system/Database/MySQLi/Connection.php:295
Stack trace:
#0 /home/dev/www/code4/system/Database/MySQLi/Connection.php(295): mysqli->query()
#1 /home/dev/www/code4/system/Database/BaseConnection.php(691): CodeIgniter\Database\MySQLi\Connection->execute()
#2 /home/dev/www/code4/system/Database/BaseConnection.php(605): CodeIgniter\Database\BaseConnection->simpleQuery()
#3 /home/dev/www/code4/system/Database/BaseBuilder.php(1616): CodeIgniter\Database\BaseConnection->query()
#4 /home/dev/www/code4/system/Model.php(840): CodeIgniter\Database\BaseBuilder->get()
#5 /home/dev/www/code4/app/Models/HomeModel.php(37): CodeIgniter\Model->__call()
#6 /home/dev/www/code4/app/Controllers/Home.php(44): App\Models\HomeModel->getTotalSize()
#7 /home/dev/www/code4/app/Controllers/Home.php(23): App\Controllers\Home->getTotal()
#8 /home/dev/www/code4/system/CodeIgniter.php(934): App\Controllers\Home->index()
#9 /home/dev/www/code4/system/CodeIgniter.php(499): CodeIgniter\CodeIgniter->runController()
#10 /home/dev/www/code4/system/CodeIgniter.php(368): CodeIgniter\CodeIgniter->handleRequest()
#11 /home/dev/www/code4/public/index.php(67): CodeIgniter\CodeIgniter->run()
#12 {main}
CRITICAL - 2023-03-29 21:35:39 --> Unknown column 'usuarios.id_plan' in 'on clause'
in SYSTEMPATH/Database/BaseConnection.php on line 645.
 1 SYSTEMPATH/Database/BaseBuilder.php(1616): CodeIgniter\Database\BaseConnection->query()
 2 SYSTEMPATH/Model.php(840): CodeIgniter\Database\BaseBuilder->get()
 3 APPPATH/Models/HomeModel.php(37): CodeIgniter\Model->__call()
 4 APPPATH/Controllers/Home.php(44): App\Models\HomeModel->getTotalSize()
 5 APPPATH/Controllers/Home.php(23): App\Controllers\Home->getTotal()
 6 SYSTEMPATH/CodeIgniter.php(934): App\Controllers\Home->index()
 7 SYSTEMPATH/CodeIgniter.php(499): CodeIgniter\CodeIgniter->runController()
 8 SYSTEMPATH/CodeIgniter.php(368): CodeIgniter\CodeIgniter->handleRequest()
 9 FCPATH/index.php(67): CodeIgniter\CodeIgniter->run()
INFO - 2023-03-29 21:37:38 --> Session: Class initialized using 'CodeIgniter\Session\Handlers\FileHandler' driver.
ERROR - 2023-03-29 21:37:38 --> mysqli_sql_exception: Table 'filehub.usuario' doesn't exist in /home/dev/www/code4/system/Database/MySQLi/Connection.php:295
Stack trace:
#0 /home/dev/www/code4/system/Database/MySQLi/Connection.php(295): mysqli->query()
#1 /home/dev/www/code4/system/Database/BaseConnection.php(691): CodeIgniter\Database\MySQLi\Connection->execute()
#2 /home/dev/www/code4/system/Database/BaseConnection.php(605): CodeIgniter\Database\BaseConnection->simpleQuery()
#3 /home/dev/www/code4/system/Database/BaseBuilder.php(1616): CodeIgniter\Database\BaseConnection->query()
#4 /home/dev/www/code4/system/Model.php(840): CodeIgniter\Database\BaseBuilder->get()
#5 /home/dev/www/code4/app/Models/HomeModel.php(37): CodeIgniter\Model->__call()
#6 /home/dev/www/code4/app/Controllers/Home.php(44): App\Models\HomeModel->getTotalSize()
#7 /home/dev/www/code4/app/Controllers/Home.php(23): App\Controllers\Home->getTotal()
#8 /home/dev/www/code4/system/CodeIgniter.php(934): App\Controllers\Home->index()
#9 /home/dev/www/code4/system/CodeIgniter.php(499): CodeIgniter\CodeIgniter->runController()
#10 /home/dev/www/code4/system/CodeIgniter.php(368): CodeIgniter\CodeIgniter->handleRequest()
#11 /home/dev/www/code4/public/index.php(67): CodeIgniter\CodeIgniter->run()
#12 {main}
CRITICAL - 2023-03-29 21:37:38 --> Table 'filehub.usuario' doesn't exist
in SYSTEMPATH/Database/BaseConnection.php on line 645.
 1 SYSTEMPATH/Database/BaseBuilder.php(1616): CodeIgniter\Database\BaseConnection->query()
 2 SYSTEMPATH/Model.php(840): CodeIgniter\Database\BaseBuilder->get()
 3 APPPATH/Models/HomeModel.php(37): CodeIgniter\Model->__call()
 4 APPPATH/Controllers/Home.php(44): App\Models\HomeModel->getTotalSize()
 5 APPPATH/Controllers/Home.php(23): App\Controllers\Home->getTotal()
 6 SYSTEMPATH/CodeIgniter.php(934): App\Controllers\Home->index()
 7 SYSTEMPATH/CodeIgniter.php(499): CodeIgniter\CodeIgniter->runController()
 8 SYSTEMPATH/CodeIgniter.php(368): CodeIgniter\CodeIgniter->handleRequest()
 9 FCPATH/index.php(67): CodeIgniter\CodeIgniter->run()
INFO - 2023-03-29 21:37:50 --> Session: Class initialized using 'CodeIgniter\Session\Handlers\FileHandler' driver.
ERROR - 2023-03-29 21:37:50 --> mysqli_sql_exception: Unknown column 'planes.almacenamiento' in 'field list' in /home/dev/www/code4/system/Database/MySQLi/Connection.php:295
Stack trace:
#0 /home/dev/www/code4/system/Database/MySQLi/Connection.php(295): mysqli->query()
#1 /home/dev/www/code4/system/Database/BaseConnection.php(691): CodeIgniter\Database\MySQLi\Connection->execute()
#2 /home/dev/www/code4/system/Database/BaseConnection.php(605): CodeIgniter\Database\BaseConnection->simpleQuery()
#3 /home/dev/www/code4/system/Database/BaseBuilder.php(1616): CodeIgniter\Database\BaseConnection->query()
#4 /home/dev/www/code4/system/Model.php(840): CodeIgniter\Database\BaseBuilder->get()
#5 /home/dev/www/code4/app/Models/HomeModel.php(37): CodeIgniter\Model->__call()
#6 /home/dev/www/code4/app/Controllers/Home.php(44): App\Models\HomeModel->getTotalSize()
#7 /home/dev/www/code4/app/Controllers/Home.php(23): App\Controllers\Home->getTotal()
#8 /home/dev/www/code4/system/CodeIgniter.php(934): App\Controllers\Home->index()
#9 /home/dev/www/code4/system/CodeIgniter.php(499): CodeIgniter\CodeIgniter->runController()
#10 /home/dev/www/code4/system/CodeIgniter.php(368): CodeIgniter\CodeIgniter->handleRequest()
#11 /home/dev/www/code4/public/index.php(67): CodeIgniter\CodeIgniter->run()
#12 {main}
CRITICAL - 2023-03-29 21:37:50 --> Unknown column 'planes.almacenamiento' in 'field list'
in SYSTEMPATH/Database/BaseConnection.php on line 645.
 1 SYSTEMPATH/Database/BaseBuilder.php(1616): CodeIgniter\Database\BaseConnection->query()
 2 SYSTEMPATH/Model.php(840): CodeIgniter\Database\BaseBuilder->get()
 3 APPPATH/Models/HomeModel.php(37): CodeIgniter\Model->__call()
 4 APPPATH/Controllers/Home.php(44): App\Models\HomeModel->getTotalSize()
 5 APPPATH/Controllers/Home.php(23): App\Controllers\Home->getTotal()
 6 SYSTEMPATH/CodeIgniter.php(934): App\Controllers\Home->index()
 7 SYSTEMPATH/CodeIgniter.php(499): CodeIgniter\CodeIgniter->runController()
 8 SYSTEMPATH/CodeIgniter.php(368): CodeIgniter\CodeIgniter->handleRequest()
 9 FCPATH/index.php(67): CodeIgniter\CodeIgniter->run()
INFO - 2023-03-29 21:39:19 --> Session: Class initialized using 'CodeIgniter\Session\Handlers\FileHandler' driver.
ERROR - 2023-03-29 21:39:19 --> mysqli_sql_exception: Unknown column 'planes.almacenamiento' in 'field list' in /home/dev/www/code4/system/Database/MySQLi/Connection.php:295
Stack trace:
#0 /home/dev/www/code4/system/Database/MySQLi/Connection.php(295): mysqli->query()
#1 /home/dev/www/code4/system/Database/BaseConnection.php(691): CodeIgniter\Database\MySQLi\Connection->execute()
#2 /home/dev/www/code4/system/Database/BaseConnection.php(605): CodeIgniter\Database\BaseConnection->simpleQuery()
#3 /home/dev/www/code4/system/Database/BaseBuilder.php(1616): CodeIgniter\Database\BaseConnection->query()
#4 /home/dev/www/code4/system/Model.php(840): CodeIgniter\Database\BaseBuilder->get()
#5 /home/dev/www/code4/app/Models/HomeModel.php(37): CodeIgniter\Model->__call()
#6 /home/dev/www/code4/app/Controllers/Home.php(44): App\Models\HomeModel->getTotalSize()
#7 /home/dev/www/code4/app/Controllers/Home.php(23): App\Controllers\Home->getTotal()
#8 /home/dev/www/code4/system/CodeIgniter.php(934): App\Controllers\Home->index()
#9 /home/dev/www/code4/system/CodeIgniter.php(499): CodeIgniter\CodeIgniter->runController()
#10 /home/dev/www/code4/system/CodeIgniter.php(368): CodeIgniter\CodeIgniter->handleRequest()
#11 /home/dev/www/code4/public/index.php(67): CodeIgniter\CodeIgniter->run()
#12 {main}
CRITICAL - 2023-03-29 21:39:19 --> Unknown column 'planes.almacenamiento' in 'field list'
in SYSTEMPATH/Database/BaseConnection.php on line 645.
 1 SYSTEMPATH/Database/BaseBuilder.php(1616): CodeIgniter\Database\BaseConnection->query()
 2 SYSTEMPATH/Model.php(840): CodeIgniter\Database\BaseBuilder->get()
 3 APPPATH/Models/HomeModel.php(37): CodeIgniter\Model->__call()
 4 APPPATH/Controllers/Home.php(44): App\Models\HomeModel->getTotalSize()
 5 APPPATH/Controllers/Home.php(23): App\Controllers\Home->getTotal()
 6 SYSTEMPATH/CodeIgniter.php(934): App\Controllers\Home->index()
 7 SYSTEMPATH/CodeIgniter.php(499): CodeIgniter\CodeIgniter->runController()
 8 SYSTEMPATH/CodeIgniter.php(368): CodeIgniter\CodeIgniter->handleRequest()
 9 FCPATH/index.php(67): CodeIgniter\CodeIgniter->run()
INFO - 2023-03-29 21:40:29 --> Session: Class initialized using 'CodeIgniter\Session\Handlers\FileHandler' driver.
ERROR - 2023-03-29 21:40:29 --> mysqli_sql_exception: Column 'id_usuario' in where clause is ambiguous in /home/dev/www/code4/system/Database/MySQLi/Connection.php:295
Stack trace:
#0 /home/dev/www/code4/system/Database/MySQLi/Connection.php(295): mysqli->query()
#1 /home/dev/www/code4/system/Database/BaseConnection.php(691): CodeIgniter\Database\MySQLi\Connection->execute()
#2 /home/dev/www/code4/system/Database/BaseConnection.php(605): CodeIgniter\Database\BaseConnection->simpleQuery()
#3 /home/dev/www/code4/system/Database/BaseBuilder.php(1616): CodeIgniter\Database\BaseConnection->query()
#4 /home/dev/www/code4/system/Model.php(840): CodeIgniter\Database\BaseBuilder->get()
#5 /home/dev/www/code4/app/Models/HomeModel.php(37): CodeIgniter\Model->__call()
#6 /home/dev/www/code4/app/Controllers/Home.php(44): App\Models\HomeModel->getTotalSize()
#7 /home/dev/www/code4/app/Controllers/Home.php(23): App\Controllers\Home->getTotal()
#8 /home/dev/www/code4/system/CodeIgniter.php(934): App\Controllers\Home->index()
#9 /home/dev/www/code4/system/CodeIgniter.php(499): CodeIgniter\CodeIgniter->runController()
#10 /home/dev/www/code4/system/CodeIgniter.php(368): CodeIgniter\CodeIgniter->handleRequest()
#11 /home/dev/www/code4/public/index.php(67): CodeIgniter\CodeIgniter->run()
#12 {main}
CRITICAL - 2023-03-29 21:40:29 --> Column 'id_usuario' in where clause is ambiguous
in SYSTEMPATH/Database/BaseConnection.php on line 645.
 1 SYSTEMPATH/Database/BaseBuilder.php(1616): CodeIgniter\Database\BaseConnection->query()
 2 SYSTEMPATH/Model.php(840): CodeIgniter\Database\BaseBuilder->get()
 3 APPPATH/Models/HomeModel.php(37): CodeIgniter\Model->__call()
 4 APPPATH/Controllers/Home.php(44): App\Models\HomeModel->getTotalSize()
 5 APPPATH/Controllers/Home.php(23): App\Controllers\Home->getTotal()
 6 SYSTEMPATH/CodeIgniter.php(934): App\Controllers\Home->index()
 7 SYSTEMPATH/CodeIgniter.php(499): CodeIgniter\CodeIgniter->runController()
 8 SYSTEMPATH/CodeIgniter.php(368): CodeIgniter\CodeIgniter->handleRequest()
 9 FCPATH/index.php(67): CodeIgniter\CodeIgniter->run()
INFO - 2023-03-29 21:40:55 --> Session: Class initialized using 'CodeIgniter\Session\Handlers\FileHandler' driver.
ERROR - 2023-03-29 21:40:55 --> mysqli_sql_exception: Column 'id_usuario' in where clause is ambiguous in /home/dev/www/code4/system/Database/MySQLi/Connection.php:295
Stack trace:
#0 /home/dev/www/code4/system/Database/MySQLi/Connection.php(295): mysqli->query()
#1 /home/dev/www/code4/system/Database/BaseConnection.php(691): CodeIgniter\Database\MySQLi\Connection->execute()
#2 /home/dev/www/code4/system/Database/BaseConnection.php(605): CodeIgniter\Database\BaseConnection->simpleQuery()
#3 /home/dev/www/code4/system/Database/BaseBuilder.php(1616): CodeIgniter\Database\BaseConnection->query()
#4 /home/dev/www/code4/system/Model.php(840): CodeIgniter\Database\BaseBuilder->get()
#5 /home/dev/www/code4/app/Models/HomeModel.php(37): CodeIgniter\Model->__call()
#6 /home/dev/www/code4/app/Controllers/Home.php(44): App\Models\HomeModel->getTotalSize()
#7 /home/dev/www/code4/app/Controllers/Home.php(23): App\Controllers\Home->getTotal()
#8 /home/dev/www/code4/system/CodeIgniter.php(934): App\Controllers\Home->index()
#9 /home/dev/www/code4/system/CodeIgniter.php(499): CodeIgniter\CodeIgniter->runController()
#10 /home/dev/www/code4/system/CodeIgniter.php(368): CodeIgniter\CodeIgniter->handleRequest()
#11 /home/dev/www/code4/public/index.php(67): CodeIgniter\CodeIgniter->run()
#12 {main}
CRITICAL - 2023-03-29 21:40:55 --> Column 'id_usuario' in where clause is ambiguous
in SYSTEMPATH/Database/BaseConnection.php on line 645.
 1 SYSTEMPATH/Database/BaseBuilder.php(1616): CodeIgniter\Database\BaseConnection->query()
 2 SYSTEMPATH/Model.php(840): CodeIgniter\Database\BaseBuilder->get()
 3 APPPATH/Models/HomeModel.php(37): CodeIgniter\Model->__call()
 4 APPPATH/Controllers/Home.php(44): App\Models\HomeModel->getTotalSize()
 5 APPPATH/Controllers/Home.php(23): App\Controllers\Home->getTotal()
 6 SYSTEMPATH/CodeIgniter.php(934): App\Controllers\Home->index()
 7 SYSTEMPATH/CodeIgniter.php(499): CodeIgniter\CodeIgniter->runController()
 8 SYSTEMPATH/CodeIgniter.php(368): CodeIgniter\CodeIgniter->handleRequest()
 9 FCPATH/index.php(67): CodeIgniter\CodeIgniter->run()
INFO - 2023-03-29 21:41:13 --> Session: Class initialized using 'CodeIgniter\Session\Handlers\FileHandler' driver.
ERROR - 2023-03-29 21:41:13 --> mysqli_sql_exception: Column 'id_usuario' in where clause is ambiguous in /home/dev/www/code4/system/Database/MySQLi/Connection.php:295
Stack trace:
#0 /home/dev/www/code4/system/Database/MySQLi/Connection.php(295): mysqli->query()
#1 /home/dev/www/code4/system/Database/BaseConnection.php(691): CodeIgniter\Database\MySQLi\Connection->execute()
#2 /home/dev/www/code4/system/Database/BaseConnection.php(605): CodeIgniter\Database\BaseConnection->simpleQuery()
#3 /home/dev/www/code4/system/Database/BaseBuilder.php(1616): CodeIgniter\Database\BaseConnection->query()
#4 /home/dev/www/code4/system/Model.php(840): CodeIgniter\Database\BaseBuilder->get()
#5 /home/dev/www/code4/app/Models/HomeModel.php(37): CodeIgniter\Model->__call()
#6 /home/dev/www/code4/app/Controllers/Home.php(44): App\Models\HomeModel->getTotalSize()
#7 /home/dev/www/code4/app/Controllers/Home.php(23): App\Controllers\Home->getTotal()
#8 /home/dev/www/code4/system/CodeIgniter.php(934): App\Controllers\Home->index()
#9 /home/dev/www/code4/system/CodeIgniter.php(499): CodeIgniter\CodeIgniter->runController()
#10 /home/dev/www/code4/system/CodeIgniter.php(368): CodeIgniter\CodeIgniter->handleRequest()
#11 /home/dev/www/code4/public/index.php(67): CodeIgniter\CodeIgniter->run()
#12 {main}
CRITICAL - 2023-03-29 21:41:13 --> Column 'id_usuario' in where clause is ambiguous
in SYSTEMPATH/Database/BaseConnection.php on line 645.
 1 SYSTEMPATH/Database/BaseBuilder.php(1616): CodeIgniter\Database\BaseConnection->query()
 2 SYSTEMPATH/Model.php(840): CodeIgniter\Database\BaseBuilder->get()
 3 APPPATH/Models/HomeModel.php(37): CodeIgniter\Model->__call()
 4 APPPATH/Controllers/Home.php(44): App\Models\HomeModel->getTotalSize()
 5 APPPATH/Controllers/Home.php(23): App\Controllers\Home->getTotal()
 6 SYSTEMPATH/CodeIgniter.php(934): App\Controllers\Home->index()
 7 SYSTEMPATH/CodeIgniter.php(499): CodeIgniter\CodeIgniter->runController()
 8 SYSTEMPATH/CodeIgniter.php(368): CodeIgniter\CodeIgniter->handleRequest()
 9 FCPATH/index.php(67): CodeIgniter\CodeIgniter->run()
INFO - 2023-03-29 21:41:31 --> Session: Class initialized using 'CodeIgniter\Session\Handlers\FileHandler' driver.
CRITICAL - 2023-03-29 21:41:31 --> Trying to access array offset on value of type bool
in APPPATH/Controllers/Home.php on line 45.
 1 APPPATH/Controllers/Home.php(45): CodeIgniter\Debug\Exceptions->errorHandler()
 2 APPPATH/Controllers/Home.php(23): App\Controllers\Home->getTotal()
 3 SYSTEMPATH/CodeIgniter.php(934): App\Controllers\Home->index()
 4 SYSTEMPATH/CodeIgniter.php(499): CodeIgniter\CodeIgniter->runController()
 5 SYSTEMPATH/CodeIgniter.php(368): CodeIgniter\CodeIgniter->handleRequest()
 6 FCPATH/index.php(67): CodeIgniter\CodeIgniter->run()
INFO - 2023-03-29 21:41:55 --> Session: Class initialized using 'CodeIgniter\Session\Handlers\FileHandler' driver.
INFO - 2023-03-29 21:43:01 --> Session: Class initialized using 'CodeIgniter\Session\Handlers\FileHandler' driver.
INFO - 2023-03-29 21:43:22 --> Session: Class initialized using 'CodeIgniter\Session\Handlers\FileHandler' driver.
INFO - 2023-03-29 21:43:41 --> Session: Class initialized using 'CodeIgniter\Session\Handlers\FileHandler' driver.
CRITICAL - 2023-03-29 21:43:41 --> Call to undefined method CodeIgniter\Database\MySQLi\Result::get()
in APPPATH/Models/HomeModel.php on line 37.
 1 APPPATH/Controllers/Home.php(44): App\Models\HomeModel->getTotalSize()
 2 APPPATH/Controllers/Home.php(23): App\Controllers\Home->getTotal()
 3 SYSTEMPATH/CodeIgniter.php(934): App\Controllers\Home->index()
 4 SYSTEMPATH/CodeIgniter.php(499): CodeIgniter\CodeIgniter->runController()
 5 SYSTEMPATH/CodeIgniter.php(368): CodeIgniter\CodeIgniter->handleRequest()
 6 FCPATH/index.php(67): CodeIgniter\CodeIgniter->run()
INFO - 2023-03-29 21:43:47 --> Session: Class initialized using 'CodeIgniter\Session\Handlers\FileHandler' driver.
INFO - 2023-03-29 21:44:01 --> Session: Class initialized using 'CodeIgniter\Session\Handlers\FileHandler' driver.
INFO - 2023-03-29 21:44:14 --> Session: Class initialized using 'CodeIgniter\Session\Handlers\FileHandler' driver.
INFO - 2023-03-29 21:44:23 --> Session: Class initialized using 'CodeIgniter\Session\Handlers\FileHandler' driver.
CRITICAL - 2023-03-29 21:44:23 --> Undefined variable: totalSize
in APPPATH/Views/templates/left_navbar.php on line 88.
 1 APPPATH/Views/templates/left_navbar.php(88): CodeIgniter\Debug\Exceptions->errorHandler()
 2 APPPATH/Views/home_view.php(25): include('APPPATH/Views/templates/left_navbar.php')
 3 SYSTEMPATH/View/View.php(213): include('APPPATH/Views/home_view.php')
 4 SYSTEMPATH/View/View.php(216): CodeIgniter\View\View->CodeIgniter\View\{closure}()
 5 SYSTEMPATH/Common.php(1184): CodeIgniter\View\View->render()
 6 APPPATH/Controllers/Home.php(25): view()
 7 SYSTEMPATH/CodeIgniter.php(934): App\Controllers\Home->index()
 8 SYSTEMPATH/CodeIgniter.php(499): CodeIgniter\CodeIgniter->runController()
 9 SYSTEMPATH/CodeIgniter.php(368): CodeIgniter\CodeIgniter->handleRequest()
10 FCPATH/index.php(67): CodeIgniter\CodeIgniter->run()
INFO - 2023-03-29 21:44:57 --> Session: Class initialized using 'CodeIgniter\Session\Handlers\FileHandler' driver.
CRITICAL - 2023-03-29 21:44:57 --> Trying to access array offset on value of type int
in APPPATH/Controllers/Home.php on line 22.
 1 APPPATH/Controllers/Home.php(22): CodeIgniter\Debug\Exceptions->errorHandler()
 2 SYSTEMPATH/CodeIgniter.php(934): App\Controllers\Home->index()
 3 SYSTEMPATH/CodeIgniter.php(499): CodeIgniter\CodeIgniter->runController()
 4 SYSTEMPATH/CodeIgniter.php(368): CodeIgniter\CodeIgniter->handleRequest()
 5 FCPATH/index.php(67): CodeIgniter\CodeIgniter->run()
INFO - 2023-03-29 21:45:02 --> Session: Class initialized using 'CodeIgniter\Session\Handlers\FileHandler' driver.
CRITICAL - 2023-03-29 21:45:02 --> Trying to access array offset on value of type float
in APPPATH/Controllers/Home.php on line 23.
 1 APPPATH/Controllers/Home.php(23): CodeIgniter\Debug\Exceptions->errorHandler()
 2 SYSTEMPATH/CodeIgniter.php(934): App\Controllers\Home->index()
 3 SYSTEMPATH/CodeIgniter.php(499): CodeIgniter\CodeIgniter->runController()
 4 SYSTEMPATH/CodeIgniter.php(368): CodeIgniter\CodeIgniter->handleRequest()
 5 FCPATH/index.php(67): CodeIgniter\CodeIgniter->run()
INFO - 2023-03-29 21:45:23 --> Session: Class initialized using 'CodeIgniter\Session\Handlers\FileHandler' driver.
CRITICAL - 2023-03-29 21:45:23 --> Undefined offset: 0
in APPPATH/Controllers/Home.php on line 45.
 1 APPPATH/Controllers/Home.php(45): CodeIgniter\Debug\Exceptions->errorHandler()
 2 APPPATH/Controllers/Home.php(23): App\Controllers\Home->getTotal()
 3 SYSTEMPATH/CodeIgniter.php(934): App\Controllers\Home->index()
 4 SYSTEMPATH/CodeIgniter.php(499): CodeIgniter\CodeIgniter->runController()
 5 SYSTEMPATH/CodeIgniter.php(368): CodeIgniter\CodeIgniter->handleRequest()
 6 FCPATH/index.php(67): CodeIgniter\CodeIgniter->run()
INFO - 2023-03-29 21:45:34 --> Session: Class initialized using 'CodeIgniter\Session\Handlers\FileHandler' driver.
INFO - 2023-03-29 21:45:39 --> Session: Class initialized using 'CodeIgniter\Session\Handlers\FileHandler' driver.
INFO - 2023-03-29 21:48:12 --> Session: Class initialized using 'CodeIgniter\Session\Handlers\FileHandler' driver.
CRITICAL - 2023-03-29 21:48:12 --> Trying to access array offset on value of type int
in APPPATH/Views/templates/left_navbar.php on line 88.
 1 APPPATH/Views/templates/left_navbar.php(88): CodeIgniter\Debug\Exceptions->errorHandler()
 2 APPPATH/Views/home_view.php(25): include('APPPATH/Views/templates/left_navbar.php')
 3 SYSTEMPATH/View/View.php(213): include('APPPATH/Views/home_view.php')
 4 SYSTEMPATH/View/View.php(216): CodeIgniter\View\View->CodeIgniter\View\{closure}()
 5 SYSTEMPATH/Common.php(1184): CodeIgniter\View\View->render()
 6 APPPATH/Controllers/Home.php(25): view()
 7 SYSTEMPATH/CodeIgniter.php(934): App\Controllers\Home->index()
 8 SYSTEMPATH/CodeIgniter.php(499): CodeIgniter\CodeIgniter->runController()
 9 SYSTEMPATH/CodeIgniter.php(368): CodeIgniter\CodeIgniter->handleRequest()
10 FCPATH/index.php(67): CodeIgniter\CodeIgniter->run()
INFO - 2023-03-29 21:48:28 --> Session: Class initialized using 'CodeIgniter\Session\Handlers\FileHandler' driver.
CRITICAL - 2023-03-29 21:48:28 --> syntax error, unexpected '?>'
in APPPATH/Views/templates/left_navbar.php on line 88.
 1 SYSTEMPATH/View/View.php(213): include()
 2 SYSTEMPATH/View/View.php(216): CodeIgniter\View\View->CodeIgniter\View\{closure}()
 3 SYSTEMPATH/Common.php(1184): CodeIgniter\View\View->render()
 4 APPPATH/Controllers/Home.php(25): view()
 5 SYSTEMPATH/CodeIgniter.php(934): App\Controllers\Home->index()
 6 SYSTEMPATH/CodeIgniter.php(499): CodeIgniter\CodeIgniter->runController()
 7 SYSTEMPATH/CodeIgniter.php(368): CodeIgniter\CodeIgniter->handleRequest()
 8 FCPATH/index.php(67): CodeIgniter\CodeIgniter->run()
INFO - 2023-03-29 21:48:38 --> Session: Class initialized using 'CodeIgniter\Session\Handlers\FileHandler' driver.
CRITICAL - 2023-03-29 21:48:38 --> Undefined variable: totalSize
in APPPATH/Views/templates/left_navbar.php on line 88.
 1 APPPATH/Views/templates/left_navbar.php(88): CodeIgniter\Debug\Exceptions->errorHandler()
 2 APPPATH/Views/home_view.php(25): include('APPPATH/Views/templates/left_navbar.php')
 3 SYSTEMPATH/View/View.php(213): include('APPPATH/Views/home_view.php')
 4 SYSTEMPATH/View/View.php(216): CodeIgniter\View\View->CodeIgniter\View\{closure}()
 5 SYSTEMPATH/Common.php(1184): CodeIgniter\View\View->render()
 6 APPPATH/Controllers/Home.php(25): view()
 7 SYSTEMPATH/CodeIgniter.php(934): App\Controllers\Home->index()
 8 SYSTEMPATH/CodeIgniter.php(499): CodeIgniter\CodeIgniter->runController()
 9 SYSTEMPATH/CodeIgniter.php(368): CodeIgniter\CodeIgniter->handleRequest()
10 FCPATH/index.php(67): CodeIgniter\CodeIgniter->run()
INFO - 2023-03-29 21:49:04 --> Session: Class initialized using 'CodeIgniter\Session\Handlers\FileHandler' driver.
CRITICAL - 2023-03-29 21:49:04 --> Undefined variable: totalSize
in APPPATH/Views/templates/left_navbar.php on line 88.
 1 APPPATH/Views/templates/left_navbar.php(88): CodeIgniter\Debug\Exceptions->errorHandler()
 2 APPPATH/Views/home_view.php(25): include('APPPATH/Views/templates/left_navbar.php')
 3 SYSTEMPATH/View/View.php(213): include('APPPATH/Views/home_view.php')
 4 SYSTEMPATH/View/View.php(216): CodeIgniter\View\View->CodeIgniter\View\{closure}()
 5 SYSTEMPATH/Common.php(1184): CodeIgniter\View\View->render()
 6 APPPATH/Controllers/Home.php(25): view()
 7 SYSTEMPATH/CodeIgniter.php(934): App\Controllers\Home->index()
 8 SYSTEMPATH/CodeIgniter.php(499): CodeIgniter\CodeIgniter->runController()
 9 SYSTEMPATH/CodeIgniter.php(368): CodeIgniter\CodeIgniter->handleRequest()
10 FCPATH/index.php(67): CodeIgniter\CodeIgniter->run()
INFO - 2023-03-29 21:49:05 --> Session: Class initialized using 'CodeIgniter\Session\Handlers\FileHandler' driver.
CRITICAL - 2023-03-29 21:49:05 --> Undefined variable: totalSize
in APPPATH/Views/templates/left_navbar.php on line 88.
 1 APPPATH/Views/templates/left_navbar.php(88): CodeIgniter\Debug\Exceptions->errorHandler()
 2 APPPATH/Views/home_view.php(25): include('APPPATH/Views/templates/left_navbar.php')
 3 SYSTEMPATH/View/View.php(213): include('APPPATH/Views/home_view.php')
 4 SYSTEMPATH/View/View.php(216): CodeIgniter\View\View->CodeIgniter\View\{closure}()
 5 SYSTEMPATH/Common.php(1184): CodeIgniter\View\View->render()
 6 APPPATH/Controllers/Home.php(25): view()
 7 SYSTEMPATH/CodeIgniter.php(934): App\Controllers\Home->index()
 8 SYSTEMPATH/CodeIgniter.php(499): CodeIgniter\CodeIgniter->runController()
 9 SYSTEMPATH/CodeIgniter.php(368): CodeIgniter\CodeIgniter->handleRequest()
10 FCPATH/index.php(67): CodeIgniter\CodeIgniter->run()
INFO - 2023-03-29 21:49:34 --> Session: Class initialized using 'CodeIgniter\Session\Handlers\FileHandler' driver.
CRITICAL - 2023-03-29 21:49:34 --> Undefined variable: totalSize
in APPPATH/Views/templates/left_navbar.php on line 88.
 1 APPPATH/Views/templates/left_navbar.php(88): CodeIgniter\Debug\Exceptions->errorHandler()
 2 APPPATH/Views/home_view.php(25): include('APPPATH/Views/templates/left_navbar.php')
 3 SYSTEMPATH/View/View.php(213): include('APPPATH/Views/home_view.php')
 4 SYSTEMPATH/View/View.php(216): CodeIgniter\View\View->CodeIgniter\View\{closure}()
 5 SYSTEMPATH/Common.php(1184): CodeIgniter\View\View->render()
 6 APPPATH/Controllers/Home.php(25): view()
 7 SYSTEMPATH/CodeIgniter.php(934): App\Controllers\Home->index()
 8 SYSTEMPATH/CodeIgniter.php(499): CodeIgniter\CodeIgniter->runController()
 9 SYSTEMPATH/CodeIgniter.php(368): CodeIgniter\CodeIgniter->handleRequest()
10 FCPATH/index.php(67): CodeIgniter\CodeIgniter->run()
INFO - 2023-03-29 21:49:35 --> Session: Class initialized using 'CodeIgniter\Session\Handlers\FileHandler' driver.
CRITICAL - 2023-03-29 21:49:35 --> Undefined variable: totalSize
in APPPATH/Views/templates/left_navbar.php on line 88.
 1 APPPATH/Views/templates/left_navbar.php(88): CodeIgniter\Debug\Exceptions->errorHandler()
 2 APPPATH/Views/home_view.php(25): include('APPPATH/Views/templates/left_navbar.php')
 3 SYSTEMPATH/View/View.php(213): include('APPPATH/Views/home_view.php')
 4 SYSTEMPATH/View/View.php(216): CodeIgniter\View\View->CodeIgniter\View\{closure}()
 5 SYSTEMPATH/Common.php(1184): CodeIgniter\View\View->render()
 6 APPPATH/Controllers/Home.php(25): view()
 7 SYSTEMPATH/CodeIgniter.php(934): App\Controllers\Home->index()
 8 SYSTEMPATH/CodeIgniter.php(499): CodeIgniter\CodeIgniter->runController()
 9 SYSTEMPATH/CodeIgniter.php(368): CodeIgniter\CodeIgniter->handleRequest()
10 FCPATH/index.php(67): CodeIgniter\CodeIgniter->run()
INFO - 2023-03-29 21:49:35 --> Session: Class initialized using 'CodeIgniter\Session\Handlers\FileHandler' driver.
CRITICAL - 2023-03-29 21:49:35 --> Undefined variable: totalSize
in APPPATH/Views/templates/left_navbar.php on line 88.
 1 APPPATH/Views/templates/left_navbar.php(88): CodeIgniter\Debug\Exceptions->errorHandler()
 2 APPPATH/Views/home_view.php(25): include('APPPATH/Views/templates/left_navbar.php')
 3 SYSTEMPATH/View/View.php(213): include('APPPATH/Views/home_view.php')
 4 SYSTEMPATH/View/View.php(216): CodeIgniter\View\View->CodeIgniter\View\{closure}()
 5 SYSTEMPATH/Common.php(1184): CodeIgniter\View\View->render()
 6 APPPATH/Controllers/Home.php(25): view()
 7 SYSTEMPATH/CodeIgniter.php(934): App\Controllers\Home->index()
 8 SYSTEMPATH/CodeIgniter.php(499): CodeIgniter\CodeIgniter->runController()
 9 SYSTEMPATH/CodeIgniter.php(368): CodeIgniter\CodeIgniter->handleRequest()
10 FCPATH/index.php(67): CodeIgniter\CodeIgniter->run()
INFO - 2023-03-29 21:49:36 --> Session: Class initialized using 'CodeIgniter\Session\Handlers\FileHandler' driver.
CRITICAL - 2023-03-29 21:49:36 --> Undefined variable: totalSize
in APPPATH/Views/templates/left_navbar.php on line 88.
 1 APPPATH/Views/templates/left_navbar.php(88): CodeIgniter\Debug\Exceptions->errorHandler()
 2 APPPATH/Views/home_view.php(25): include('APPPATH/Views/templates/left_navbar.php')
 3 SYSTEMPATH/View/View.php(213): include('APPPATH/Views/home_view.php')
 4 SYSTEMPATH/View/View.php(216): CodeIgniter\View\View->CodeIgniter\View\{closure}()
 5 SYSTEMPATH/Common.php(1184): CodeIgniter\View\View->render()
 6 APPPATH/Controllers/Home.php(25): view()
 7 SYSTEMPATH/CodeIgniter.php(934): App\Controllers\Home->index()
 8 SYSTEMPATH/CodeIgniter.php(499): CodeIgniter\CodeIgniter->runController()
 9 SYSTEMPATH/CodeIgniter.php(368): CodeIgniter\CodeIgniter->handleRequest()
10 FCPATH/index.php(67): CodeIgniter\CodeIgniter->run()
INFO - 2023-03-29 21:49:43 --> Session: Class initialized using 'CodeIgniter\Session\Handlers\FileHandler' driver.
CRITICAL - 2023-03-29 21:49:43 --> Trying to access array offset on value of type float
in APPPATH/Views/templates/left_navbar.php on line 88.
 1 APPPATH/Views/templates/left_navbar.php(88): CodeIgniter\Debug\Exceptions->errorHandler()
 2 APPPATH/Views/home_view.php(25): include('APPPATH/Views/templates/left_navbar.php')
 3 SYSTEMPATH/View/View.php(213): include('APPPATH/Views/home_view.php')
 4 SYSTEMPATH/View/View.php(216): CodeIgniter\View\View->CodeIgniter\View\{closure}()
 5 SYSTEMPATH/Common.php(1184): CodeIgniter\View\View->render()
 6 APPPATH/Controllers/Home.php(25): view()
 7 SYSTEMPATH/CodeIgniter.php(934): App\Controllers\Home->index()
 8 SYSTEMPATH/CodeIgniter.php(499): CodeIgniter\CodeIgniter->runController()
 9 SYSTEMPATH/CodeIgniter.php(368): CodeIgniter\CodeIgniter->handleRequest()
10 FCPATH/index.php(67): CodeIgniter\CodeIgniter->run()
INFO - 2023-03-29 21:50:34 --> Session: Class initialized using 'CodeIgniter\Session\Handlers\FileHandler' driver.
CRITICAL - 2023-03-29 21:50:34 --> Undefined offset: 0
in APPPATH/Controllers/Home.php on line 33.
 1 APPPATH/Controllers/Home.php(33): CodeIgniter\Debug\Exceptions->errorHandler()
 2 APPPATH/Controllers/Home.php(22): App\Controllers\Home->getSize()
 3 SYSTEMPATH/CodeIgniter.php(934): App\Controllers\Home->index()
 4 SYSTEMPATH/CodeIgniter.php(499): CodeIgniter\CodeIgniter->runController()
 5 SYSTEMPATH/CodeIgniter.php(368): CodeIgniter\CodeIgniter->handleRequest()
 6 FCPATH/index.php(67): CodeIgniter\CodeIgniter->run()
INFO - 2023-03-29 21:50:40 --> Session: Class initialized using 'CodeIgniter\Session\Handlers\FileHandler' driver.
CRITICAL - 2023-03-29 21:50:40 --> Undefined offset: 0
in APPPATH/Controllers/Home.php on line 33.
 1 APPPATH/Controllers/Home.php(33): CodeIgniter\Debug\Exceptions->errorHandler()
 2 APPPATH/Controllers/Home.php(22): App\Controllers\Home->getSize()
 3 SYSTEMPATH/CodeIgniter.php(934): App\Controllers\Home->index()
 4 SYSTEMPATH/CodeIgniter.php(499): CodeIgniter\CodeIgniter->runController()
 5 SYSTEMPATH/CodeIgniter.php(368): CodeIgniter\CodeIgniter->handleRequest()
 6 FCPATH/index.php(67): CodeIgniter\CodeIgniter->run()
INFO - 2023-03-29 21:50:45 --> Session: Class initialized using 'CodeIgniter\Session\Handlers\FileHandler' driver.
CRITICAL - 2023-03-29 21:50:45 --> Trying to access array offset on value of type int
in APPPATH/Views/templates/left_navbar.php on line 88.
 1 APPPATH/Views/templates/left_navbar.php(88): CodeIgniter\Debug\Exceptions->errorHandler()
 2 APPPATH/Views/home_view.php(25): include('APPPATH/Views/templates/left_navbar.php')
 3 SYSTEMPATH/View/View.php(213): include('APPPATH/Views/home_view.php')
 4 SYSTEMPATH/View/View.php(216): CodeIgniter\View\View->CodeIgniter\View\{closure}()
 5 SYSTEMPATH/Common.php(1184): CodeIgniter\View\View->render()
 6 APPPATH/Controllers/Home.php(25): view()
 7 SYSTEMPATH/CodeIgniter.php(934): App\Controllers\Home->index()
 8 SYSTEMPATH/CodeIgniter.php(499): CodeIgniter\CodeIgniter->runController()
 9 SYSTEMPATH/CodeIgniter.php(368): CodeIgniter\CodeIgniter->handleRequest()
10 FCPATH/index.php(67): CodeIgniter\CodeIgniter->run()
INFO - 2023-03-29 21:51:19 --> Session: Class initialized using 'CodeIgniter\Session\Handlers\FileHandler' driver.
CRITICAL - 2023-03-29 21:51:19 --> Division by zero
in APPPATH/Views/templates/left_navbar.php on line 93.
 1 APPPATH/Views/templates/left_navbar.php(93): CodeIgniter\Debug\Exceptions->errorHandler()
 2 APPPATH/Views/home_view.php(25): include('APPPATH/Views/templates/left_navbar.php')
 3 SYSTEMPATH/View/View.php(213): include('APPPATH/Views/home_view.php')
 4 SYSTEMPATH/View/View.php(216): CodeIgniter\View\View->CodeIgniter\View\{closure}()
 5 SYSTEMPATH/Common.php(1184): CodeIgniter\View\View->render()
 6 APPPATH/Controllers/Home.php(25): view()
 7 SYSTEMPATH/CodeIgniter.php(934): App\Controllers\Home->index()
 8 SYSTEMPATH/CodeIgniter.php(499): CodeIgniter\CodeIgniter->runController()
 9 SYSTEMPATH/CodeIgniter.php(368): CodeIgniter\CodeIgniter->handleRequest()
10 FCPATH/index.php(67): CodeIgniter\CodeIgniter->run()
INFO - 2023-03-29 21:53:55 --> Session: Class initialized using 'CodeIgniter\Session\Handlers\FileHandler' driver.
INFO - 2023-03-29 21:55:46 --> Session: Class initialized using 'CodeIgniter\Session\Handlers\FileHandler' driver.
INFO - 2023-03-29 21:55:48 --> Session: Class initialized using 'CodeIgniter\Session\Handlers\FileHandler' driver.
INFO - 2023-03-29 21:55:48 --> Session: Class initialized using 'CodeIgniter\Session\Handlers\FileHandler' driver.
INFO - 2023-03-29 21:55:48 --> Session: Class initialized using 'CodeIgniter\Session\Handlers\FileHandler' driver.
INFO - 2023-03-29 21:55:49 --> Session: Class initialized using 'CodeIgniter\Session\Handlers\FileHandler' driver.
INFO - 2023-03-29 21:57:52 --> Session: Class initialized using 'CodeIgniter\Session\Handlers\FileHandler' driver.
INFO - 2023-03-29 21:57:53 --> Session: Class initialized using 'CodeIgniter\Session\Handlers\FileHandler' driver.
INFO - 2023-03-29 21:57:54 --> Session: Class initialized using 'CodeIgniter\Session\Handlers\FileHandler' driver.
INFO - 2023-03-29 21:57:54 --> Session: Class initialized using 'CodeIgniter\Session\Handlers\FileHandler' driver.
INFO - 2023-03-29 21:57:54 --> Session: Class initialized using 'CodeIgniter\Session\Handlers\FileHandler' driver.
INFO - 2023-03-29 22:02:31 --> Session: Class initialized using 'CodeIgniter\Session\Handlers\FileHandler' driver.
INFO - 2023-03-29 22:02:33 --> Session: Class initialized using 'CodeIgniter\Session\Handlers\FileHandler' driver.
INFO - 2023-03-29 22:02:33 --> Session: Class initialized using 'CodeIgniter\Session\Handlers\FileHandler' driver.
INFO - 2023-03-29 22:02:34 --> Session: Class initialized using 'CodeIgniter\Session\Handlers\FileHandler' driver.
INFO - 2023-03-29 22:02:34 --> Session: Class initialized using 'CodeIgniter\Session\Handlers\FileHandler' driver.
INFO - 2023-03-29 22:02:34 --> Session: Class initialized using 'CodeIgniter\Session\Handlers\FileHandler' driver.
INFO - 2023-03-29 22:04:13 --> Session: Class initialized using 'CodeIgniter\Session\Handlers\FileHandler' driver.
INFO - 2023-03-29 22:04:14 --> Session: Class initialized using 'CodeIgniter\Session\Handlers\FileHandler' driver.
INFO - 2023-03-29 22:04:14 --> Session: Class initialized using 'CodeIgniter\Session\Handlers\FileHandler' driver.
INFO - 2023-03-29 22:04:14 --> Session: Class initialized using 'CodeIgniter\Session\Handlers\FileHandler' driver.
INFO - 2023-03-29 22:04:51 --> Session: Class initialized using 'CodeIgniter\Session\Handlers\FileHandler' driver.
INFO - 2023-03-29 22:05:00 --> Session: Class initialized using 'CodeIgniter\Session\Handlers\FileHandler' driver.
INFO - 2023-03-29 22:05:09 --> Session: Class initialized using 'CodeIgniter\Session\Handlers\FileHandler' driver.
INFO - 2023-03-29 22:05:17 --> Session: Class initialized using 'CodeIgniter\Session\Handlers\FileHandler' driver.
INFO - 2023-03-29 22:05:17 --> Session: Class initialized using 'CodeIgniter\Session\Handlers\FileHandler' driver.
INFO - 2023-03-29 22:05:18 --> Session: Class initialized using 'CodeIgniter\Session\Handlers\FileHandler' driver.
INFO - 2023-03-29 22:05:18 --> Session: Class initialized using 'CodeIgniter\Session\Handlers\FileHandler' driver.
INFO - 2023-03-29 22:05:18 --> Session: Class initialized using 'CodeIgniter\Session\Handlers\FileHandler' driver.
INFO - 2023-03-29 22:05:29 --> Session: Class initialized using 'CodeIgniter\Session\Handlers\FileHandler' driver.
INFO - 2023-03-29 22:05:31 --> Session: Class initialized using 'CodeIgniter\Session\Handlers\FileHandler' driver.
INFO - 2023-03-29 22:05:31 --> Session: Class initialized using 'CodeIgniter\Session\Handlers\FileHandler' driver.
INFO - 2023-03-29 22:05:31 --> Session: Class initialized using 'CodeIgniter\Session\Handlers\FileHandler' driver.
INFO - 2023-03-29 22:05:31 --> Session: Class initialized using 'CodeIgniter\Session\Handlers\FileHandler' driver.
INFO - 2023-03-29 22:05:32 --> Session: Class initialized using 'CodeIgniter\Session\Handlers\FileHandler' driver.
INFO - 2023-03-29 22:05:47 --> Session: Class initialized using 'CodeIgniter\Session\Handlers\FileHandler' driver.
INFO - 2023-03-29 22:06:09 --> Session: Class initialized using 'CodeIgniter\Session\Handlers\FileHandler' driver.
INFO - 2023-03-29 22:06:55 --> Session: Class initialized using 'CodeIgniter\Session\Handlers\FileHandler' driver.
INFO - 2023-03-29 22:07:42 --> Session: Class initialized using 'CodeIgniter\Session\Handlers\FileHandler' driver.
INFO - 2023-03-29 22:07:50 --> Session: Class initialized using 'CodeIgniter\Session\Handlers\FileHandler' driver.
INFO - 2023-03-29 22:08:33 --> Session: Class initialized using 'CodeIgniter\Session\Handlers\FileHandler' driver.
INFO - 2023-03-29 22:08:49 --> Session: Class initialized using 'CodeIgniter\Session\Handlers\FileHandler' driver.
INFO - 2023-03-29 22:08:59 --> Session: Class initialized using 'CodeIgniter\Session\Handlers\FileHandler' driver.
INFO - 2023-03-29 22:08:59 --> Session: Class initialized using 'CodeIgniter\Session\Handlers\FileHandler' driver.
INFO - 2023-03-29 22:09:00 --> Session: Class initialized using 'CodeIgniter\Session\Handlers\FileHandler' driver.
INFO - 2023-03-29 22:09:00 --> Session: Class initialized using 'CodeIgniter\Session\Handlers\FileHandler' driver.
INFO - 2023-03-29 22:09:00 --> Session: Class initialized using 'CodeIgniter\Session\Handlers\FileHandler' driver.
INFO - 2023-03-29 22:10:04 --> Session: Class initialized using 'CodeIgniter\Session\Handlers\FileHandler' driver.
INFO - 2023-03-29 22:10:04 --> Session: Class initialized using 'CodeIgniter\Session\Handlers\FileHandler' driver.
INFO - 2023-03-29 22:10:05 --> Session: Class initialized using 'CodeIgniter\Session\Handlers\FileHandler' driver.
INFO - 2023-03-29 22:10:05 --> Session: Class initialized using 'CodeIgniter\Session\Handlers\FileHandler' driver.
INFO - 2023-03-29 22:10:05 --> Session: Class initialized using 'CodeIgniter\Session\Handlers\FileHandler' driver.
INFO - 2023-03-29 22:16:58 --> Session: Class initialized using 'CodeIgniter\Session\Handlers\FileHandler' driver.
INFO - 2023-03-29 22:16:59 --> Session: Class initialized using 'CodeIgniter\Session\Handlers\FileHandler' driver.
INFO - 2023-03-29 22:16:59 --> Session: Class initialized using 'CodeIgniter\Session\Handlers\FileHandler' driver.
INFO - 2023-03-29 22:16:59 --> Session: Class initialized using 'CodeIgniter\Session\Handlers\FileHandler' driver.
INFO - 2023-03-29 22:17:00 --> Session: Class initialized using 'CodeIgniter\Session\Handlers\FileHandler' driver.
INFO - 2023-03-29 22:17:06 --> Session: Class initialized using 'CodeIgniter\Session\Handlers\FileHandler' driver.
INFO - 2023-03-29 22:17:06 --> Session: Class initialized using 'CodeIgniter\Session\Handlers\FileHandler' driver.
INFO - 2023-03-29 22:17:07 --> Session: Class initialized using 'CodeIgniter\Session\Handlers\FileHandler' driver.
INFO - 2023-03-29 22:17:07 --> Session: Class initialized using 'CodeIgniter\Session\Handlers\FileHandler' driver.
INFO - 2023-03-29 22:17:07 --> Session: Class initialized using 'CodeIgniter\Session\Handlers\FileHandler' driver.
INFO - 2023-03-29 22:17:36 --> Session: Class initialized using 'CodeIgniter\Session\Handlers\FileHandler' driver.
INFO - 2023-03-29 22:17:36 --> Session: Class initialized using 'CodeIgniter\Session\Handlers\FileHandler' driver.
INFO - 2023-03-29 22:17:37 --> Session: Class initialized using 'CodeIgniter\Session\Handlers\FileHandler' driver.
INFO - 2023-03-29 22:17:37 --> Session: Class initialized using 'CodeIgniter\Session\Handlers\FileHandler' driver.
INFO - 2023-03-29 22:17:37 --> Session: Class initialized using 'CodeIgniter\Session\Handlers\FileHandler' driver.
INFO - 2023-03-29 22:19:05 --> Session: Class initialized using 'CodeIgniter\Session\Handlers\FileHandler' driver.
INFO - 2023-03-29 22:19:06 --> Session: Class initialized using 'CodeIgniter\Session\Handlers\FileHandler' driver.
INFO - 2023-03-29 22:19:06 --> Session: Class initialized using 'CodeIgniter\Session\Handlers\FileHandler' driver.
INFO - 2023-03-29 22:19:06 --> Session: Class initialized using 'CodeIgniter\Session\Handlers\FileHandler' driver.
INFO - 2023-03-29 22:19:06 --> Session: Class initialized using 'CodeIgniter\Session\Handlers\FileHandler' driver.
INFO - 2023-03-29 22:22:17 --> Session: Class initialized using 'CodeIgniter\Session\Handlers\FileHandler' driver.
INFO - 2023-03-29 22:22:18 --> Session: Class initialized using 'CodeIgniter\Session\Handlers\FileHandler' driver.
INFO - 2023-03-29 22:22:19 --> Session: Class initialized using 'CodeIgniter\Session\Handlers\FileHandler' driver.
INFO - 2023-03-29 22:22:19 --> Session: Class initialized using 'CodeIgniter\Session\Handlers\FileHandler' driver.
INFO - 2023-03-29 22:22:19 --> Session: Class initialized using 'CodeIgniter\Session\Handlers\FileHandler' driver.
INFO - 2023-03-29 22:22:57 --> Session: Class initialized using 'CodeIgniter\Session\Handlers\FileHandler' driver.
INFO - 2023-03-29 22:22:57 --> Session: Class initialized using 'CodeIgniter\Session\Handlers\FileHandler' driver.
INFO - 2023-03-29 22:22:58 --> Session: Class initialized using 'CodeIgniter\Session\Handlers\FileHandler' driver.
INFO - 2023-03-29 22:22:58 --> Session: Class initialized using 'CodeIgniter\Session\Handlers\FileHandler' driver.
INFO - 2023-03-29 22:22:58 --> Session: Class initialized using 'CodeIgniter\Session\Handlers\FileHandler' driver.
INFO - 2023-03-29 22:23:05 --> Session: Class initialized using 'CodeIgniter\Session\Handlers\FileHandler' driver.
CRITICAL - 2023-03-29 22:23:05 --> Cannot use object of type CodeIgniter\HTTP\Files\UploadedFile as array
in APPPATH/Controllers/UploadFile.php on line 79.
 1 APPPATH/Controllers/UploadFile.php(20): App\Controllers\UploadFile->checkForm()
 2 SYSTEMPATH/CodeIgniter.php(934): App\Controllers\UploadFile->subir()
 3 SYSTEMPATH/CodeIgniter.php(499): CodeIgniter\CodeIgniter->runController()
 4 SYSTEMPATH/CodeIgniter.php(368): CodeIgniter\CodeIgniter->handleRequest()
 5 FCPATH/index.php(67): CodeIgniter\CodeIgniter->run()
INFO - 2023-03-29 22:24:33 --> Session: Class initialized using 'CodeIgniter\Session\Handlers\FileHandler' driver.
INFO - 2023-03-29 22:24:33 --> Session: Class initialized using 'CodeIgniter\Session\Handlers\FileHandler' driver.
INFO - 2023-03-29 22:24:34 --> Session: Class initialized using 'CodeIgniter\Session\Handlers\FileHandler' driver.
INFO - 2023-03-29 22:24:34 --> Session: Class initialized using 'CodeIgniter\Session\Handlers\FileHandler' driver.
INFO - 2023-03-29 22:24:34 --> Session: Class initialized using 'CodeIgniter\Session\Handlers\FileHandler' driver.
INFO - 2023-03-29 22:24:38 --> Session: Class initialized using 'CodeIgniter\Session\Handlers\FileHandler' driver.
CRITICAL - 2023-03-29 22:24:38 --> Cannot use object of type CodeIgniter\HTTP\Files\UploadedFile as array
in APPPATH/Controllers/UploadFile.php on line 79.
 1 APPPATH/Controllers/UploadFile.php(20): App\Controllers\UploadFile->checkForm()
 2 SYSTEMPATH/CodeIgniter.php(934): App\Controllers\UploadFile->subir()
 3 SYSTEMPATH/CodeIgniter.php(499): CodeIgniter\CodeIgniter->runController()
 4 SYSTEMPATH/CodeIgniter.php(368): CodeIgniter\CodeIgniter->handleRequest()
 5 FCPATH/index.php(67): CodeIgniter\CodeIgniter->run()
INFO - 2023-03-29 22:24:49 --> Session: Class initialized using 'CodeIgniter\Session\Handlers\FileHandler' driver.
INFO - 2023-03-29 22:24:49 --> Session: Class initialized using 'CodeIgniter\Session\Handlers\FileHandler' driver.
INFO - 2023-03-29 22:24:50 --> Session: Class initialized using 'CodeIgniter\Session\Handlers\FileHandler' driver.
INFO - 2023-03-29 22:24:50 --> Session: Class initialized using 'CodeIgniter\Session\Handlers\FileHandler' driver.
INFO - 2023-03-29 22:24:50 --> Session: Class initialized using 'CodeIgniter\Session\Handlers\FileHandler' driver.
INFO - 2023-03-29 22:24:53 --> Session: Class initialized using 'CodeIgniter\Session\Handlers\FileHandler' driver.
CRITICAL - 2023-03-29 22:24:53 --> Cannot use object of type CodeIgniter\HTTP\Files\UploadedFile as array
in APPPATH/Controllers/UploadFile.php on line 79.
 1 APPPATH/Controllers/UploadFile.php(20): App\Controllers\UploadFile->checkForm()
 2 SYSTEMPATH/CodeIgniter.php(934): App\Controllers\UploadFile->subir()
 3 SYSTEMPATH/CodeIgniter.php(499): CodeIgniter\CodeIgniter->runController()
 4 SYSTEMPATH/CodeIgniter.php(368): CodeIgniter\CodeIgniter->handleRequest()
 5 FCPATH/index.php(67): CodeIgniter\CodeIgniter->run()
INFO - 2023-03-29 22:24:54 --> Session: Class initialized using 'CodeIgniter\Session\Handlers\FileHandler' driver.
INFO - 2023-03-29 22:24:55 --> Session: Class initialized using 'CodeIgniter\Session\Handlers\FileHandler' driver.
INFO - 2023-03-29 22:24:55 --> Session: Class initialized using 'CodeIgniter\Session\Handlers\FileHandler' driver.
INFO - 2023-03-29 22:24:55 --> Session: Class initialized using 'CodeIgniter\Session\Handlers\FileHandler' driver.
INFO - 2023-03-29 22:24:55 --> Session: Class initialized using 'CodeIgniter\Session\Handlers\FileHandler' driver.
INFO - 2023-03-29 22:25:08 --> Session: Class initialized using 'CodeIgniter\Session\Handlers\FileHandler' driver.
CRITICAL - 2023-03-29 22:25:08 --> Cannot use object of type CodeIgniter\HTTP\Files\UploadedFile as array
in APPPATH/Controllers/UploadFile.php on line 79.
 1 APPPATH/Controllers/UploadFile.php(20): App\Controllers\UploadFile->checkForm()
 2 SYSTEMPATH/CodeIgniter.php(934): App\Controllers\UploadFile->subir()
 3 SYSTEMPATH/CodeIgniter.php(499): CodeIgniter\CodeIgniter->runController()
 4 SYSTEMPATH/CodeIgniter.php(368): CodeIgniter\CodeIgniter->handleRequest()
 5 FCPATH/index.php(67): CodeIgniter\CodeIgniter->run()
INFO - 2023-03-29 22:25:33 --> Session: Class initialized using 'CodeIgniter\Session\Handlers\FileHandler' driver.
CRITICAL - 2023-03-29 22:25:33 --> Cannot use object of type CodeIgniter\HTTP\Files\UploadedFile as array
in APPPATH/Controllers/UploadFile.php on line 79.
 1 APPPATH/Controllers/UploadFile.php(20): App\Controllers\UploadFile->checkForm()
 2 SYSTEMPATH/CodeIgniter.php(934): App\Controllers\UploadFile->subir()
 3 SYSTEMPATH/CodeIgniter.php(499): CodeIgniter\CodeIgniter->runController()
 4 SYSTEMPATH/CodeIgniter.php(368): CodeIgniter\CodeIgniter->handleRequest()
 5 FCPATH/index.php(67): CodeIgniter\CodeIgniter->run()
INFO - 2023-03-29 22:25:37 --> Session: Class initialized using 'CodeIgniter\Session\Handlers\FileHandler' driver.
INFO - 2023-03-29 22:25:37 --> Session: Class initialized using 'CodeIgniter\Session\Handlers\FileHandler' driver.
INFO - 2023-03-29 22:25:38 --> Session: Class initialized using 'CodeIgniter\Session\Handlers\FileHandler' driver.
INFO - 2023-03-29 22:25:38 --> Session: Class initialized using 'CodeIgniter\Session\Handlers\FileHandler' driver.
INFO - 2023-03-29 22:25:38 --> Session: Class initialized using 'CodeIgniter\Session\Handlers\FileHandler' driver.
INFO - 2023-03-29 22:25:42 --> Session: Class initialized using 'CodeIgniter\Session\Handlers\FileHandler' driver.
CRITICAL - 2023-03-29 22:25:42 --> Cannot use object of type CodeIgniter\HTTP\Files\UploadedFile as array
in APPPATH/Controllers/UploadFile.php on line 79.
 1 APPPATH/Controllers/UploadFile.php(20): App\Controllers\UploadFile->checkForm()
 2 SYSTEMPATH/CodeIgniter.php(934): App\Controllers\UploadFile->subir()
 3 SYSTEMPATH/CodeIgniter.php(499): CodeIgniter\CodeIgniter->runController()
 4 SYSTEMPATH/CodeIgniter.php(368): CodeIgniter\CodeIgniter->handleRequest()
 5 FCPATH/index.php(67): CodeIgniter\CodeIgniter->run()
INFO - 2023-03-29 22:26:10 --> Session: Class initialized using 'CodeIgniter\Session\Handlers\FileHandler' driver.
INFO - 2023-03-29 22:26:11 --> Session: Class initialized using 'CodeIgniter\Session\Handlers\FileHandler' driver.
INFO - 2023-03-29 22:26:11 --> Session: Class initialized using 'CodeIgniter\Session\Handlers\FileHandler' driver.
INFO - 2023-03-29 22:26:11 --> Session: Class initialized using 'CodeIgniter\Session\Handlers\FileHandler' driver.
INFO - 2023-03-29 22:26:12 --> Session: Class initialized using 'CodeIgniter\Session\Handlers\FileHandler' driver.
INFO - 2023-03-29 22:26:16 --> Session: Class initialized using 'CodeIgniter\Session\Handlers\FileHandler' driver.
INFO - 2023-03-29 22:26:26 --> Session: Class initialized using 'CodeIgniter\Session\Handlers\FileHandler' driver.
INFO - 2023-03-29 22:26:26 --> Session: Class initialized using 'CodeIgniter\Session\Handlers\FileHandler' driver.
INFO - 2023-03-29 22:26:27 --> Session: Class initialized using 'CodeIgniter\Session\Handlers\FileHandler' driver.
INFO - 2023-03-29 22:26:27 --> Session: Class initialized using 'CodeIgniter\Session\Handlers\FileHandler' driver.
INFO - 2023-03-29 22:26:28 --> Session: Class initialized using 'CodeIgniter\Session\Handlers\FileHandler' driver.
INFO - 2023-03-29 22:26:32 --> Session: Class initialized using 'CodeIgniter\Session\Handlers\FileHandler' driver.
INFO - 2023-03-29 22:26:40 --> Session: Class initialized using 'CodeIgniter\Session\Handlers\FileHandler' driver.
INFO - 2023-03-29 22:26:40 --> Session: Class initialized using 'CodeIgniter\Session\Handlers\FileHandler' driver.
INFO - 2023-03-29 22:26:41 --> Session: Class initialized using 'CodeIgniter\Session\Handlers\FileHandler' driver.
INFO - 2023-03-29 22:26:41 --> Session: Class initialized using 'CodeIgniter\Session\Handlers\FileHandler' driver.
INFO - 2023-03-29 22:26:42 --> Session: Class initialized using 'CodeIgniter\Session\Handlers\FileHandler' driver.
INFO - 2023-03-29 22:26:48 --> Session: Class initialized using 'CodeIgniter\Session\Handlers\FileHandler' driver.
CRITICAL - 2023-03-29 22:26:48 --> Cannot use object of type CodeIgniter\HTTP\Files\UploadedFile as array
in APPPATH/Controllers/UploadFile.php on line 79.
 1 APPPATH/Controllers/UploadFile.php(20): App\Controllers\UploadFile->checkForm()
 2 SYSTEMPATH/CodeIgniter.php(934): App\Controllers\UploadFile->subir()
 3 SYSTEMPATH/CodeIgniter.php(499): CodeIgniter\CodeIgniter->runController()
 4 SYSTEMPATH/CodeIgniter.php(368): CodeIgniter\CodeIgniter->handleRequest()
 5 FCPATH/index.php(67): CodeIgniter\CodeIgniter->run()
INFO - 2023-03-29 22:27:12 --> Session: Class initialized using 'CodeIgniter\Session\Handlers\FileHandler' driver.
INFO - 2023-03-29 22:27:13 --> Session: Class initialized using 'CodeIgniter\Session\Handlers\FileHandler' driver.
INFO - 2023-03-29 22:27:13 --> Session: Class initialized using 'CodeIgniter\Session\Handlers\FileHandler' driver.
INFO - 2023-03-29 22:27:14 --> Session: Class initialized using 'CodeIgniter\Session\Handlers\FileHandler' driver.
INFO - 2023-03-29 22:27:14 --> Session: Class initialized using 'CodeIgniter\Session\Handlers\FileHandler' driver.
INFO - 2023-03-29 22:27:21 --> Session: Class initialized using 'CodeIgniter\Session\Handlers\FileHandler' driver.
INFO - 2023-03-29 22:27:40 --> Session: Class initialized using 'CodeIgniter\Session\Handlers\FileHandler' driver.
INFO - 2023-03-29 22:27:41 --> Session: Class initialized using 'CodeIgniter\Session\Handlers\FileHandler' driver.
INFO - 2023-03-29 22:27:42 --> Session: Class initialized using 'CodeIgniter\Session\Handlers\FileHandler' driver.
INFO - 2023-03-29 22:27:42 --> Session: Class initialized using 'CodeIgniter\Session\Handlers\FileHandler' driver.
INFO - 2023-03-29 22:27:42 --> Session: Class initialized using 'CodeIgniter\Session\Handlers\FileHandler' driver.
INFO - 2023-03-29 22:27:48 --> Session: Class initialized using 'CodeIgniter\Session\Handlers\FileHandler' driver.
CRITICAL - 2023-03-29 22:27:48 --> Cannot use object of type CodeIgniter\HTTP\Files\UploadedFile as array
in APPPATH/Controllers/UploadFile.php on line 80.
 1 APPPATH/Controllers/UploadFile.php(20): App\Controllers\UploadFile->checkForm()
 2 SYSTEMPATH/CodeIgniter.php(934): App\Controllers\UploadFile->subir()
 3 SYSTEMPATH/CodeIgniter.php(499): CodeIgniter\CodeIgniter->runController()
 4 SYSTEMPATH/CodeIgniter.php(368): CodeIgniter\CodeIgniter->handleRequest()
 5 FCPATH/index.php(67): CodeIgniter\CodeIgniter->run()
INFO - 2023-03-29 22:27:53 --> Session: Class initialized using 'CodeIgniter\Session\Handlers\FileHandler' driver.
INFO - 2023-03-29 22:27:54 --> Session: Class initialized using 'CodeIgniter\Session\Handlers\FileHandler' driver.
INFO - 2023-03-29 22:27:54 --> Session: Class initialized using 'CodeIgniter\Session\Handlers\FileHandler' driver.
INFO - 2023-03-29 22:27:54 --> Session: Class initialized using 'CodeIgniter\Session\Handlers\FileHandler' driver.
INFO - 2023-03-29 22:27:55 --> Session: Class initialized using 'CodeIgniter\Session\Handlers\FileHandler' driver.
INFO - 2023-03-29 22:27:59 --> Session: Class initialized using 'CodeIgniter\Session\Handlers\FileHandler' driver.
CRITICAL - 2023-03-29 22:27:59 --> Cannot use object of type CodeIgniter\HTTP\Files\UploadedFile as array
in APPPATH/Controllers/UploadFile.php on line 80.
 1 APPPATH/Controllers/UploadFile.php(20): App\Controllers\UploadFile->checkForm()
 2 SYSTEMPATH/CodeIgniter.php(934): App\Controllers\UploadFile->subir()
 3 SYSTEMPATH/CodeIgniter.php(499): CodeIgniter\CodeIgniter->runController()
 4 SYSTEMPATH/CodeIgniter.php(368): CodeIgniter\CodeIgniter->handleRequest()
 5 FCPATH/index.php(67): CodeIgniter\CodeIgniter->run()
INFO - 2023-03-29 22:28:09 --> Session: Class initialized using 'CodeIgniter\Session\Handlers\FileHandler' driver.
INFO - 2023-03-29 22:28:09 --> Session: Class initialized using 'CodeIgniter\Session\Handlers\FileHandler' driver.
INFO - 2023-03-29 22:28:10 --> Session: Class initialized using 'CodeIgniter\Session\Handlers\FileHandler' driver.
INFO - 2023-03-29 22:28:10 --> Session: Class initialized using 'CodeIgniter\Session\Handlers\FileHandler' driver.
INFO - 2023-03-29 22:28:10 --> Session: Class initialized using 'CodeIgniter\Session\Handlers\FileHandler' driver.
INFO - 2023-03-29 22:28:15 --> Session: Class initialized using 'CodeIgniter\Session\Handlers\FileHandler' driver.
INFO - 2023-03-29 22:28:34 --> Session: Class initialized using 'CodeIgniter\Session\Handlers\FileHandler' driver.
INFO - 2023-03-29 22:28:35 --> Session: Class initialized using 'CodeIgniter\Session\Handlers\FileHandler' driver.
INFO - 2023-03-29 22:28:35 --> Session: Class initialized using 'CodeIgniter\Session\Handlers\FileHandler' driver.
INFO - 2023-03-29 22:28:35 --> Session: Class initialized using 'CodeIgniter\Session\Handlers\FileHandler' driver.
INFO - 2023-03-29 22:28:36 --> Session: Class initialized using 'CodeIgniter\Session\Handlers\FileHandler' driver.
INFO - 2023-03-29 22:28:37 --> Session: Class initialized using 'CodeIgniter\Session\Handlers\FileHandler' driver.
INFO - 2023-03-29 22:28:55 --> Session: Class initialized using 'CodeIgniter\Session\Handlers\FileHandler' driver.
INFO - 2023-03-29 22:28:55 --> Session: Class initialized using 'CodeIgniter\Session\Handlers\FileHandler' driver.
INFO - 2023-03-29 22:28:56 --> Session: Class initialized using 'CodeIgniter\Session\Handlers\FileHandler' driver.
INFO - 2023-03-29 22:28:56 --> Session: Class initialized using 'CodeIgniter\Session\Handlers\FileHandler' driver.
INFO - 2023-03-29 22:28:56 --> Session: Class initialized using 'CodeIgniter\Session\Handlers\FileHandler' driver.
INFO - 2023-03-29 22:28:58 --> Session: Class initialized using 'CodeIgniter\Session\Handlers\FileHandler' driver.
INFO - 2023-03-29 22:29:21 --> Session: Class initialized using 'CodeIgniter\Session\Handlers\FileHandler' driver.
INFO - 2023-03-29 22:30:46 --> Session: Class initialized using 'CodeIgniter\Session\Handlers\FileHandler' driver.
INFO - 2023-03-29 22:30:47 --> Session: Class initialized using 'CodeIgniter\Session\Handlers\FileHandler' driver.
INFO - 2023-03-29 22:30:47 --> Session: Class initialized using 'CodeIgniter\Session\Handlers\FileHandler' driver.
INFO - 2023-03-29 22:30:47 --> Session: Class initialized using 'CodeIgniter\Session\Handlers\FileHandler' driver.
INFO - 2023-03-29 22:30:48 --> Session: Class initialized using 'CodeIgniter\Session\Handlers\FileHandler' driver.
INFO - 2023-03-29 22:30:50 --> Session: Class initialized using 'CodeIgniter\Session\Handlers\FileHandler' driver.
