CRITICAL - 2023-05-22 16:10:28 --> unlink(profiles/0/646b93bdb0c2a.jpg): No such file or directory
in APPPATH/Controllers/PerfilUsuarioController.php on line 35.
 1 [internal function]: CodeIgniter\Debug\Exceptions->errorHandler()
 2 APPPATH/Controllers/PerfilUsuarioController.php(35): unlink()
 3 SYSTEMPATH/CodeIgniter.php(934): App\Controllers\PerfilUsuarioController->deleteImageProfile()
 4 SYSTEMPATH/CodeIgniter.php(499): CodeIgniter\CodeIgniter->runController()
 5 SYSTEMPATH/CodeIgniter.php(368): CodeIgniter\CodeIgniter->handleRequest()
 6 FCPATH/index.php(67): CodeIgniter\CodeIgniter->run()
CRITICAL - 2023-05-22 16:15:41 --> rename(uploads/0/646b95201cc15.pdf,trash/0/646b95201cc15.pdf): No such file or directory
in APPPATH/Controllers/DeleteFileController.php on line 21.
 1 [internal function]: CodeIgniter\Debug\Exceptions->errorHandler()
 2 APPPATH/Controllers/DeleteFileController.php(21): rename()
 3 SYSTEMPATH/CodeIgniter.php(934): App\Controllers\DeleteFileController->borrar()
 4 SYSTEMPATH/CodeIgniter.php(499): CodeIgniter\CodeIgniter->runController()
 5 SYSTEMPATH/CodeIgniter.php(368): CodeIgniter\CodeIgniter->handleRequest()
 6 FCPATH/index.php(67): CodeIgniter\CodeIgniter->run()
CRITICAL - 2023-05-22 16:15:47 --> rename(uploads/0/646b95201cc15.pdf,trash/0/646b95201cc15.pdf): No such file or directory
in APPPATH/Controllers/DeleteFileController.php on line 21.
 1 [internal function]: CodeIgniter\Debug\Exceptions->errorHandler()
 2 APPPATH/Controllers/DeleteFileController.php(21): rename()
 3 SYSTEMPATH/CodeIgniter.php(934): App\Controllers\DeleteFileController->borrar()
 4 SYSTEMPATH/CodeIgniter.php(499): CodeIgniter\CodeIgniter->runController()
 5 SYSTEMPATH/CodeIgniter.php(368): CodeIgniter\CodeIgniter->handleRequest()
 6 FCPATH/index.php(67): CodeIgniter\CodeIgniter->run()
CRITICAL - 2023-05-22 16:17:33 --> rename(uploads/0/646b9582957c6.pdf,trash/0/646b9582957c6.pdf): No such file or directory
in APPPATH/Controllers/DeleteFileController.php on line 21.
 1 [internal function]: CodeIgniter\Debug\Exceptions->errorHandler()
 2 APPPATH/Controllers/DeleteFileController.php(21): rename()
 3 SYSTEMPATH/CodeIgniter.php(934): App\Controllers\DeleteFileController->borrar()
 4 SYSTEMPATH/CodeIgniter.php(499): CodeIgniter\CodeIgniter->runController()
 5 SYSTEMPATH/CodeIgniter.php(368): CodeIgniter\CodeIgniter->handleRequest()
 6 FCPATH/index.php(67): CodeIgniter\CodeIgniter->run()
CRITICAL - 2023-05-22 16:19:33 --> rename(uploads/0/646b9582957c6.pdf,trash/0/646b9582957c6.pdf): No such file or directory
in APPPATH/Controllers/DeleteFileController.php on line 21.
 1 [internal function]: CodeIgniter\Debug\Exceptions->errorHandler()
 2 APPPATH/Controllers/DeleteFileController.php(21): rename()
 3 SYSTEMPATH/CodeIgniter.php(934): App\Controllers\DeleteFileController->borrar()
 4 SYSTEMPATH/CodeIgniter.php(499): CodeIgniter\CodeIgniter->runController()
 5 SYSTEMPATH/CodeIgniter.php(368): CodeIgniter\CodeIgniter->handleRequest()
 6 FCPATH/index.php(67): CodeIgniter\CodeIgniter->run()
CRITICAL - 2023-05-22 16:20:26 --> rename(uploads/0/646b9582957c6.pdf,trash/0/646b9582957c6.pdf): No such file or directory
in APPPATH/Controllers/DeleteFileController.php on line 21.
 1 [internal function]: CodeIgniter\Debug\Exceptions->errorHandler()
 2 APPPATH/Controllers/DeleteFileController.php(21): rename()
 3 SYSTEMPATH/CodeIgniter.php(934): App\Controllers\DeleteFileController->borrar()
 4 SYSTEMPATH/CodeIgniter.php(499): CodeIgniter\CodeIgniter->runController()
 5 SYSTEMPATH/CodeIgniter.php(368): CodeIgniter\CodeIgniter->handleRequest()
 6 FCPATH/index.php(67): CodeIgniter\CodeIgniter->run()
CRITICAL - 2023-05-22 16:20:34 --> rename(uploads/0/646b9582957c6.pdf,trash/0/646b9582957c6.pdf): No such file or directory
in APPPATH/Controllers/DeleteFileController.php on line 21.
 1 [internal function]: CodeIgniter\Debug\Exceptions->errorHandler()
 2 APPPATH/Controllers/DeleteFileController.php(21): rename()
 3 SYSTEMPATH/CodeIgniter.php(934): App\Controllers\DeleteFileController->borrar()
 4 SYSTEMPATH/CodeIgniter.php(499): CodeIgniter\CodeIgniter->runController()
 5 SYSTEMPATH/CodeIgniter.php(368): CodeIgniter\CodeIgniter->handleRequest()
 6 FCPATH/index.php(67): CodeIgniter\CodeIgniter->run()
CRITICAL - 2023-05-22 16:20:41 --> rename(uploads/0/646b9582957c6.pdf,trash/0/646b9582957c6.pdf): No such file or directory
in APPPATH/Controllers/DeleteFileController.php on line 21.
 1 [internal function]: CodeIgniter\Debug\Exceptions->errorHandler()
 2 APPPATH/Controllers/DeleteFileController.php(21): rename()
 3 SYSTEMPATH/CodeIgniter.php(934): App\Controllers\DeleteFileController->borrar()
 4 SYSTEMPATH/CodeIgniter.php(499): CodeIgniter\CodeIgniter->runController()
 5 SYSTEMPATH/CodeIgniter.php(368): CodeIgniter\CodeIgniter->handleRequest()
 6 FCPATH/index.php(67): CodeIgniter\CodeIgniter->run()
CRITICAL - 2023-05-22 16:22:05 --> rename(uploads/0/646b9582957c6.pdf,trash/0/646b9582957c6.pdf): No such file or directory
in APPPATH/Controllers/DeleteFileController.php on line 21.
 1 [internal function]: CodeIgniter\Debug\Exceptions->errorHandler()
 2 APPPATH/Controllers/DeleteFileController.php(21): rename()
 3 SYSTEMPATH/CodeIgniter.php(934): App\Controllers\DeleteFileController->borrar()
 4 SYSTEMPATH/CodeIgniter.php(499): CodeIgniter\CodeIgniter->runController()
 5 SYSTEMPATH/CodeIgniter.php(368): CodeIgniter\CodeIgniter->handleRequest()
 6 FCPATH/index.php(67): CodeIgniter\CodeIgniter->run()
CRITICAL - 2023-05-22 16:23:36 --> rename(uploads/0/646b9582957c6.pdf,trash/0/646b9582957c6.pdf): No such file or directory
in APPPATH/Controllers/DeleteFileController.php on line 22.
 1 [internal function]: CodeIgniter\Debug\Exceptions->errorHandler()
 2 APPPATH/Controllers/DeleteFileController.php(22): rename()
 3 SYSTEMPATH/CodeIgniter.php(934): App\Controllers\DeleteFileController->borrar()
 4 SYSTEMPATH/CodeIgniter.php(499): CodeIgniter\CodeIgniter->runController()
 5 SYSTEMPATH/CodeIgniter.php(368): CodeIgniter\CodeIgniter->handleRequest()
 6 FCPATH/index.php(67): CodeIgniter\CodeIgniter->run()
CRITICAL - 2023-05-22 17:47:26 --> unlink(trash/646b985d92f18.pdf): No such file or directory
in APPPATH/Controllers/DeleteFileController.php on line 102.
 1 [internal function]: CodeIgniter\Debug\Exceptions->errorHandler()
 2 APPPATH/Controllers/DeleteFileController.php(102): unlink()
 3 SYSTEMPATH/CodeIgniter.php(934): App\Controllers\DeleteFileController->borradoPermanente()
 4 SYSTEMPATH/CodeIgniter.php(499): CodeIgniter\CodeIgniter->runController()
 5 SYSTEMPATH/CodeIgniter.php(368): CodeIgniter\CodeIgniter->handleRequest()
 6 FCPATH/index.php(67): CodeIgniter\CodeIgniter->run()
