INFO - 2023-04-22 00:00:24 --> Session: Class initialized using 'CodeIgniter\Session\Handlers\FileHandler' driver.
ERROR - 2023-04-22 00:00:24 --> mysqli_sql_exception: Duplicate entry 'test@test.com' for key 'email' in /home/dev/www/code4/system/Database/MySQLi/Connection.php:295
Stack trace:
#0 /home/dev/www/code4/system/Database/MySQLi/Connection.php(295): mysqli->query()
#1 /home/dev/www/code4/system/Database/BaseConnection.php(691): CodeIgniter\Database\MySQLi\Connection->execute()
#2 /home/dev/www/code4/system/Database/BaseConnection.php(605): CodeIgniter\Database\BaseConnection->simpleQuery()
#3 /home/dev/www/code4/system/Database/BaseBuilder.php(2309): CodeIgniter\Database\BaseConnection->query()
#4 /home/dev/www/code4/system/Model.php(330): CodeIgniter\Database\BaseBuilder->insert()
#5 /home/dev/www/code4/system/BaseModel.php(782): CodeIgniter\Model->doInsert()
#6 /home/dev/www/code4/system/Model.php(730): CodeIgniter\BaseModel->insert()
#7 /home/dev/www/code4/app/Models/UsuarioSistemaModel.php(36): CodeIgniter\Model->insert()
#8 /home/dev/www/code4/app/Controllers/RegisterController.php(18): App\Models\UsuarioSistemaModel->register()
#9 /home/dev/www/code4/system/CodeIgniter.php(934): App\Controllers\RegisterController->register()
#10 /home/dev/www/code4/system/CodeIgniter.php(499): CodeIgniter\CodeIgniter->runController()
#11 /home/dev/www/code4/system/CodeIgniter.php(368): CodeIgniter\CodeIgniter->handleRequest()
#12 /home/dev/www/code4/public/index.php(67): CodeIgniter\CodeIgniter->run()
#13 {main}
INFO - 2023-04-22 00:00:34 --> Session: Class initialized using 'CodeIgniter\Session\Handlers\FileHandler' driver.
ERROR - 2023-04-22 00:00:34 --> mysqli_sql_exception: Duplicate entry 'test@test.com' for key 'email' in /home/dev/www/code4/system/Database/MySQLi/Connection.php:295
Stack trace:
#0 /home/dev/www/code4/system/Database/MySQLi/Connection.php(295): mysqli->query()
#1 /home/dev/www/code4/system/Database/BaseConnection.php(691): CodeIgniter\Database\MySQLi\Connection->execute()
#2 /home/dev/www/code4/system/Database/BaseConnection.php(605): CodeIgniter\Database\BaseConnection->simpleQuery()
#3 /home/dev/www/code4/system/Database/BaseBuilder.php(2309): CodeIgniter\Database\BaseConnection->query()
#4 /home/dev/www/code4/system/Model.php(330): CodeIgniter\Database\BaseBuilder->insert()
#5 /home/dev/www/code4/system/BaseModel.php(782): CodeIgniter\Model->doInsert()
#6 /home/dev/www/code4/system/Model.php(730): CodeIgniter\BaseModel->insert()
#7 /home/dev/www/code4/app/Models/UsuarioSistemaModel.php(36): CodeIgniter\Model->insert()
#8 /home/dev/www/code4/app/Controllers/RegisterController.php(18): App\Models\UsuarioSistemaModel->register()
#9 /home/dev/www/code4/system/CodeIgniter.php(934): App\Controllers\RegisterController->register()
#10 /home/dev/www/code4/system/CodeIgniter.php(499): CodeIgniter\CodeIgniter->runController()
#11 /home/dev/www/code4/system/CodeIgniter.php(368): CodeIgniter\CodeIgniter->handleRequest()
#12 /home/dev/www/code4/public/index.php(67): CodeIgniter\CodeIgniter->run()
#13 {main}
INFO - 2023-04-22 00:03:29 --> Session: Class initialized using 'CodeIgniter\Session\Handlers\FileHandler' driver.
ERROR - 2023-04-22 00:03:29 --> mysqli_sql_exception: Duplicate entry 'test@test.com' for key 'email' in /home/dev/www/code4/system/Database/MySQLi/Connection.php:295
Stack trace:
#0 /home/dev/www/code4/system/Database/MySQLi/Connection.php(295): mysqli->query()
#1 /home/dev/www/code4/system/Database/BaseConnection.php(691): CodeIgniter\Database\MySQLi\Connection->execute()
#2 /home/dev/www/code4/system/Database/BaseConnection.php(605): CodeIgniter\Database\BaseConnection->simpleQuery()
#3 /home/dev/www/code4/system/Database/BaseBuilder.php(2309): CodeIgniter\Database\BaseConnection->query()
#4 /home/dev/www/code4/system/Model.php(330): CodeIgniter\Database\BaseBuilder->insert()
#5 /home/dev/www/code4/system/BaseModel.php(782): CodeIgniter\Model->doInsert()
#6 /home/dev/www/code4/system/Model.php(730): CodeIgniter\BaseModel->insert()
#7 /home/dev/www/code4/app/Models/UsuarioSistemaModel.php(36): CodeIgniter\Model->insert()
#8 /home/dev/www/code4/app/Controllers/RegisterController.php(18): App\Models\UsuarioSistemaModel->register()
#9 /home/dev/www/code4/system/CodeIgniter.php(934): App\Controllers\RegisterController->register()
#10 /home/dev/www/code4/system/CodeIgniter.php(499): CodeIgniter\CodeIgniter->runController()
#11 /home/dev/www/code4/system/CodeIgniter.php(368): CodeIgniter\CodeIgniter->handleRequest()
#12 /home/dev/www/code4/public/index.php(67): CodeIgniter\CodeIgniter->run()
#13 {main}
INFO - 2023-04-22 00:03:33 --> Session: Class initialized using 'CodeIgniter\Session\Handlers\FileHandler' driver.
INFO - 2023-04-22 00:03:33 --> Session: Class initialized using 'CodeIgniter\Session\Handlers\FileHandler' driver.
INFO - 2023-04-22 00:03:33 --> Session: Class initialized using 'CodeIgniter\Session\Handlers\FileHandler' driver.
INFO - 2023-04-22 00:03:40 --> Session: Class initialized using 'CodeIgniter\Session\Handlers\FileHandler' driver.
ERROR - 2023-04-22 00:03:40 --> mysqli_sql_exception: Duplicate entry 'test@test.com' for key 'email' in /home/dev/www/code4/system/Database/MySQLi/Connection.php:295
Stack trace:
#0 /home/dev/www/code4/system/Database/MySQLi/Connection.php(295): mysqli->query()
#1 /home/dev/www/code4/system/Database/BaseConnection.php(691): CodeIgniter\Database\MySQLi\Connection->execute()
#2 /home/dev/www/code4/system/Database/BaseConnection.php(605): CodeIgniter\Database\BaseConnection->simpleQuery()
#3 /home/dev/www/code4/system/Database/BaseBuilder.php(2309): CodeIgniter\Database\BaseConnection->query()
#4 /home/dev/www/code4/system/Model.php(330): CodeIgniter\Database\BaseBuilder->insert()
#5 /home/dev/www/code4/system/BaseModel.php(782): CodeIgniter\Model->doInsert()
#6 /home/dev/www/code4/system/Model.php(730): CodeIgniter\BaseModel->insert()
#7 /home/dev/www/code4/app/Models/UsuarioSistemaModel.php(36): CodeIgniter\Model->insert()
#8 /home/dev/www/code4/app/Controllers/RegisterController.php(18): App\Models\UsuarioSistemaModel->register()
#9 /home/dev/www/code4/system/CodeIgniter.php(934): App\Controllers\RegisterController->register()
#10 /home/dev/www/code4/system/CodeIgniter.php(499): CodeIgniter\CodeIgniter->runController()
#11 /home/dev/www/code4/system/CodeIgniter.php(368): CodeIgniter\CodeIgniter->handleRequest()
#12 /home/dev/www/code4/public/index.php(67): CodeIgniter\CodeIgniter->run()
#13 {main}
INFO - 2023-04-22 00:03:54 --> Session: Class initialized using 'CodeIgniter\Session\Handlers\FileHandler' driver.
ERROR - 2023-04-22 00:03:55 --> mysqli_sql_exception: Duplicate entry 'test@test.com' for key 'email' in /home/dev/www/code4/system/Database/MySQLi/Connection.php:295
Stack trace:
#0 /home/dev/www/code4/system/Database/MySQLi/Connection.php(295): mysqli->query()
#1 /home/dev/www/code4/system/Database/BaseConnection.php(691): CodeIgniter\Database\MySQLi\Connection->execute()
#2 /home/dev/www/code4/system/Database/BaseConnection.php(605): CodeIgniter\Database\BaseConnection->simpleQuery()
#3 /home/dev/www/code4/system/Database/BaseBuilder.php(2309): CodeIgniter\Database\BaseConnection->query()
#4 /home/dev/www/code4/system/Model.php(330): CodeIgniter\Database\BaseBuilder->insert()
#5 /home/dev/www/code4/system/BaseModel.php(782): CodeIgniter\Model->doInsert()
#6 /home/dev/www/code4/system/Model.php(730): CodeIgniter\BaseModel->insert()
#7 /home/dev/www/code4/app/Models/UsuarioSistemaModel.php(36): CodeIgniter\Model->insert()
#8 /home/dev/www/code4/app/Controllers/RegisterController.php(18): App\Models\UsuarioSistemaModel->register()
#9 /home/dev/www/code4/system/CodeIgniter.php(934): App\Controllers\RegisterController->register()
#10 /home/dev/www/code4/system/CodeIgniter.php(499): CodeIgniter\CodeIgniter->runController()
#11 /home/dev/www/code4/system/CodeIgniter.php(368): CodeIgniter\CodeIgniter->handleRequest()
#12 /home/dev/www/code4/public/index.php(67): CodeIgniter\CodeIgniter->run()
#13 {main}
INFO - 2023-04-22 00:03:55 --> Session: Class initialized using 'CodeIgniter\Session\Handlers\FileHandler' driver.
INFO - 2023-04-22 00:03:55 --> Session: Class initialized using 'CodeIgniter\Session\Handlers\FileHandler' driver.
INFO - 2023-04-22 00:05:38 --> Session: Class initialized using 'CodeIgniter\Session\Handlers\FileHandler' driver.
ERROR - 2023-04-22 00:05:38 --> mysqli_sql_exception: Duplicate entry 'test@test.com' for key 'email' in /home/dev/www/code4/system/Database/MySQLi/Connection.php:295
Stack trace:
#0 /home/dev/www/code4/system/Database/MySQLi/Connection.php(295): mysqli->query()
#1 /home/dev/www/code4/system/Database/BaseConnection.php(691): CodeIgniter\Database\MySQLi\Connection->execute()
#2 /home/dev/www/code4/system/Database/BaseConnection.php(605): CodeIgniter\Database\BaseConnection->simpleQuery()
#3 /home/dev/www/code4/system/Database/BaseBuilder.php(2309): CodeIgniter\Database\BaseConnection->query()
#4 /home/dev/www/code4/system/Model.php(330): CodeIgniter\Database\BaseBuilder->insert()
#5 /home/dev/www/code4/system/BaseModel.php(782): CodeIgniter\Model->doInsert()
#6 /home/dev/www/code4/system/Model.php(730): CodeIgniter\BaseModel->insert()
#7 /home/dev/www/code4/app/Models/UsuarioSistemaModel.php(36): CodeIgniter\Model->insert()
#8 /home/dev/www/code4/app/Controllers/RegisterController.php(18): App\Models\UsuarioSistemaModel->register()
#9 /home/dev/www/code4/system/CodeIgniter.php(934): App\Controllers\RegisterController->register()
#10 /home/dev/www/code4/system/CodeIgniter.php(499): CodeIgniter\CodeIgniter->runController()
#11 /home/dev/www/code4/system/CodeIgniter.php(368): CodeIgniter\CodeIgniter->handleRequest()
#12 /home/dev/www/code4/public/index.php(67): CodeIgniter\CodeIgniter->run()
#13 {main}
INFO - 2023-04-22 00:05:38 --> Session: Class initialized using 'CodeIgniter\Session\Handlers\FileHandler' driver.
INFO - 2023-04-22 00:05:38 --> Session: Class initialized using 'CodeIgniter\Session\Handlers\FileHandler' driver.
INFO - 2023-04-22 00:06:13 --> Session: Class initialized using 'CodeIgniter\Session\Handlers\FileHandler' driver.
INFO - 2023-04-22 00:06:23 --> Session: Class initialized using 'CodeIgniter\Session\Handlers\FileHandler' driver.
ERROR - 2023-04-22 00:06:24 --> mysqli_sql_exception: Duplicate entry 'test@test.com' for key 'email' in /home/dev/www/code4/system/Database/MySQLi/Connection.php:295
Stack trace:
#0 /home/dev/www/code4/system/Database/MySQLi/Connection.php(295): mysqli->query()
#1 /home/dev/www/code4/system/Database/BaseConnection.php(691): CodeIgniter\Database\MySQLi\Connection->execute()
#2 /home/dev/www/code4/system/Database/BaseConnection.php(605): CodeIgniter\Database\BaseConnection->simpleQuery()
#3 /home/dev/www/code4/system/Database/BaseBuilder.php(2309): CodeIgniter\Database\BaseConnection->query()
#4 /home/dev/www/code4/system/Model.php(330): CodeIgniter\Database\BaseBuilder->insert()
#5 /home/dev/www/code4/system/BaseModel.php(782): CodeIgniter\Model->doInsert()
#6 /home/dev/www/code4/system/Model.php(730): CodeIgniter\BaseModel->insert()
#7 /home/dev/www/code4/app/Models/UsuarioSistemaModel.php(36): CodeIgniter\Model->insert()
#8 /home/dev/www/code4/app/Controllers/RegisterController.php(18): App\Models\UsuarioSistemaModel->register()
#9 /home/dev/www/code4/system/CodeIgniter.php(934): App\Controllers\RegisterController->register()
#10 /home/dev/www/code4/system/CodeIgniter.php(499): CodeIgniter\CodeIgniter->runController()
#11 /home/dev/www/code4/system/CodeIgniter.php(368): CodeIgniter\CodeIgniter->handleRequest()
#12 /home/dev/www/code4/public/index.php(67): CodeIgniter\CodeIgniter->run()
#13 {main}
INFO - 2023-04-22 00:06:24 --> Session: Class initialized using 'CodeIgniter\Session\Handlers\FileHandler' driver.
INFO - 2023-04-22 00:06:24 --> Session: Class initialized using 'CodeIgniter\Session\Handlers\FileHandler' driver.
INFO - 2023-04-22 00:06:54 --> Session: Class initialized using 'CodeIgniter\Session\Handlers\FileHandler' driver.
INFO - 2023-04-22 00:06:55 --> Session: Class initialized using 'CodeIgniter\Session\Handlers\FileHandler' driver.
INFO - 2023-04-22 00:06:55 --> Session: Class initialized using 'CodeIgniter\Session\Handlers\FileHandler' driver.
INFO - 2023-04-22 00:06:55 --> Session: Class initialized using 'CodeIgniter\Session\Handlers\FileHandler' driver.
INFO - 2023-04-22 00:07:16 --> Session: Class initialized using 'CodeIgniter\Session\Handlers\FileHandler' driver.
INFO - 2023-04-22 00:07:16 --> Session: Class initialized using 'CodeIgniter\Session\Handlers\FileHandler' driver.
INFO - 2023-04-22 00:07:16 --> Session: Class initialized using 'CodeIgniter\Session\Handlers\FileHandler' driver.
INFO - 2023-04-22 00:07:17 --> Session: Class initialized using 'CodeIgniter\Session\Handlers\FileHandler' driver.
INFO - 2023-04-22 00:07:17 --> Session: Class initialized using 'CodeIgniter\Session\Handlers\FileHandler' driver.
INFO - 2023-04-22 00:07:17 --> Session: Class initialized using 'CodeIgniter\Session\Handlers\FileHandler' driver.
INFO - 2023-04-22 00:07:31 --> Session: Class initialized using 'CodeIgniter\Session\Handlers\FileHandler' driver.
INFO - 2023-04-22 00:07:31 --> Session: Class initialized using 'CodeIgniter\Session\Handlers\FileHandler' driver.
INFO - 2023-04-22 00:07:31 --> Session: Class initialized using 'CodeIgniter\Session\Handlers\FileHandler' driver.
INFO - 2023-04-22 00:07:47 --> Session: Class initialized using 'CodeIgniter\Session\Handlers\FileHandler' driver.
INFO - 2023-04-22 00:07:47 --> Session: Class initialized using 'CodeIgniter\Session\Handlers\FileHandler' driver.
INFO - 2023-04-22 00:07:47 --> Session: Class initialized using 'CodeIgniter\Session\Handlers\FileHandler' driver.
INFO - 2023-04-22 00:07:47 --> Session: Class initialized using 'CodeIgniter\Session\Handlers\FileHandler' driver.
INFO - 2023-04-22 00:07:51 --> Session: Class initialized using 'CodeIgniter\Session\Handlers\FileHandler' driver.
INFO - 2023-04-22 00:07:51 --> Session: Class initialized using 'CodeIgniter\Session\Handlers\FileHandler' driver.
CRITICAL - 2023-04-22 00:07:52 --> Trying to access array offset on value of type bool
in APPPATH/Controllers/HomeController.php on line 76.
 1 APPPATH/Controllers/HomeController.php(76): CodeIgniter\Debug\Exceptions->errorHandler()
 2 APPPATH/Controllers/HomeController.php(27): App\Controllers\HomeController->getTotal()
 3 SYSTEMPATH/CodeIgniter.php(934): App\Controllers\HomeController->index()
 4 SYSTEMPATH/CodeIgniter.php(499): CodeIgniter\CodeIgniter->runController()
 5 SYSTEMPATH/CodeIgniter.php(368): CodeIgniter\CodeIgniter->handleRequest()
 6 FCPATH/index.php(67): CodeIgniter\CodeIgniter->run()
INFO - 2023-04-22 00:08:19 --> Session: Class initialized using 'CodeIgniter\Session\Handlers\FileHandler' driver.
CRITICAL - 2023-04-22 00:08:19 --> Trying to access array offset on value of type bool
in APPPATH/Controllers/HomeController.php on line 76.
 1 APPPATH/Controllers/HomeController.php(76): CodeIgniter\Debug\Exceptions->errorHandler()
 2 APPPATH/Controllers/HomeController.php(27): App\Controllers\HomeController->getTotal()
 3 SYSTEMPATH/CodeIgniter.php(934): App\Controllers\HomeController->index()
 4 SYSTEMPATH/CodeIgniter.php(499): CodeIgniter\CodeIgniter->runController()
 5 SYSTEMPATH/CodeIgniter.php(368): CodeIgniter\CodeIgniter->handleRequest()
 6 FCPATH/index.php(67): CodeIgniter\CodeIgniter->run()
INFO - 2023-04-22 00:08:22 --> Session: Class initialized using 'CodeIgniter\Session\Handlers\FileHandler' driver.
CRITICAL - 2023-04-22 00:08:22 --> Trying to access array offset on value of type bool
in APPPATH/Controllers/HomeController.php on line 76.
 1 APPPATH/Controllers/HomeController.php(76): CodeIgniter\Debug\Exceptions->errorHandler()
 2 APPPATH/Controllers/HomeController.php(27): App\Controllers\HomeController->getTotal()
 3 SYSTEMPATH/CodeIgniter.php(934): App\Controllers\HomeController->index()
 4 SYSTEMPATH/CodeIgniter.php(499): CodeIgniter\CodeIgniter->runController()
 5 SYSTEMPATH/CodeIgniter.php(368): CodeIgniter\CodeIgniter->handleRequest()
 6 FCPATH/index.php(67): CodeIgniter\CodeIgniter->run()
INFO - 2023-04-22 00:08:34 --> Session: Class initialized using 'CodeIgniter\Session\Handlers\FileHandler' driver.
CRITICAL - 2023-04-22 00:08:34 --> Trying to access array offset on value of type bool
in APPPATH/Controllers/HomeController.php on line 76.
 1 APPPATH/Controllers/HomeController.php(76): CodeIgniter\Debug\Exceptions->errorHandler()
 2 APPPATH/Controllers/PapeleraController.php(28): App\Controllers\HomeController->getTotal()
 3 SYSTEMPATH/CodeIgniter.php(934): App\Controllers\PapeleraController->index()
 4 SYSTEMPATH/CodeIgniter.php(499): CodeIgniter\CodeIgniter->runController()
 5 SYSTEMPATH/CodeIgniter.php(368): CodeIgniter\CodeIgniter->handleRequest()
 6 FCPATH/index.php(67): CodeIgniter\CodeIgniter->run()
INFO - 2023-04-22 00:08:38 --> Session: Class initialized using 'CodeIgniter\Session\Handlers\FileHandler' driver.
CRITICAL - 2023-04-22 00:08:38 --> Trying to access array offset on value of type bool
in APPPATH/Controllers/HomeController.php on line 76.
 1 APPPATH/Controllers/HomeController.php(76): CodeIgniter\Debug\Exceptions->errorHandler()
 2 APPPATH/Controllers/PapeleraController.php(28): App\Controllers\HomeController->getTotal()
 3 SYSTEMPATH/CodeIgniter.php(934): App\Controllers\PapeleraController->index()
 4 SYSTEMPATH/CodeIgniter.php(499): CodeIgniter\CodeIgniter->runController()
 5 SYSTEMPATH/CodeIgniter.php(368): CodeIgniter\CodeIgniter->handleRequest()
 6 FCPATH/index.php(67): CodeIgniter\CodeIgniter->run()
INFO - 2023-04-22 00:09:21 --> Session: Class initialized using 'CodeIgniter\Session\Handlers\FileHandler' driver.
INFO - 2023-04-22 00:10:23 --> Session: Class initialized using 'CodeIgniter\Session\Handlers\FileHandler' driver.
INFO - 2023-04-22 00:10:35 --> Session: Class initialized using 'CodeIgniter\Session\Handlers\FileHandler' driver.
CRITICAL - 2023-04-22 00:10:35 --> Trying to access array offset on value of type int
in APPPATH/Controllers/HomeController.php on line 77.
 1 APPPATH/Controllers/HomeController.php(77): CodeIgniter\Debug\Exceptions->errorHandler()
 2 APPPATH/Controllers/PapeleraController.php(28): App\Controllers\HomeController->getTotal()
 3 SYSTEMPATH/CodeIgniter.php(934): App\Controllers\PapeleraController->index()
 4 SYSTEMPATH/CodeIgniter.php(499): CodeIgniter\CodeIgniter->runController()
 5 SYSTEMPATH/CodeIgniter.php(368): CodeIgniter\CodeIgniter->handleRequest()
 6 FCPATH/index.php(67): CodeIgniter\CodeIgniter->run()
INFO - 2023-04-22 00:11:57 --> Session: Class initialized using 'CodeIgniter\Session\Handlers\FileHandler' driver.
CRITICAL - 2023-04-22 00:11:57 --> Invalid argument supplied for foreach()
in APPPATH/Views/trash_view.php on line 59.
 1 APPPATH/Views/trash_view.php(59): CodeIgniter\Debug\Exceptions->errorHandler()
 2 SYSTEMPATH/View/View.php(213): include('APPPATH/Views/trash_view.php')
 3 SYSTEMPATH/View/View.php(216): CodeIgniter\View\View->CodeIgniter\View\{closure}()
 4 SYSTEMPATH/Common.php(1184): CodeIgniter\View\View->render()
 5 APPPATH/Controllers/PapeleraController.php(31): view()
 6 SYSTEMPATH/CodeIgniter.php(934): App\Controllers\PapeleraController->index()
 7 SYSTEMPATH/CodeIgniter.php(499): CodeIgniter\CodeIgniter->runController()
 8 SYSTEMPATH/CodeIgniter.php(368): CodeIgniter\CodeIgniter->handleRequest()
 9 FCPATH/index.php(67): CodeIgniter\CodeIgniter->run()
INFO - 2023-04-22 00:12:20 --> Session: Class initialized using 'CodeIgniter\Session\Handlers\FileHandler' driver.
INFO - 2023-04-22 00:12:22 --> Session: Class initialized using 'CodeIgniter\Session\Handlers\FileHandler' driver.
CRITICAL - 2023-04-22 00:12:22 --> Invalid argument supplied for foreach()
in APPPATH/Views/trash_view.php on line 59.
 1 APPPATH/Views/trash_view.php(59): CodeIgniter\Debug\Exceptions->errorHandler()
 2 SYSTEMPATH/View/View.php(213): include('APPPATH/Views/trash_view.php')
 3 SYSTEMPATH/View/View.php(216): CodeIgniter\View\View->CodeIgniter\View\{closure}()
 4 SYSTEMPATH/Common.php(1184): CodeIgniter\View\View->render()
 5 APPPATH/Controllers/PapeleraController.php(31): view()
 6 SYSTEMPATH/CodeIgniter.php(934): App\Controllers\PapeleraController->index()
 7 SYSTEMPATH/CodeIgniter.php(499): CodeIgniter\CodeIgniter->runController()
 8 SYSTEMPATH/CodeIgniter.php(368): CodeIgniter\CodeIgniter->handleRequest()
 9 FCPATH/index.php(67): CodeIgniter\CodeIgniter->run()
INFO - 2023-04-22 00:13:19 --> Session: Class initialized using 'CodeIgniter\Session\Handlers\FileHandler' driver.
CRITICAL - 2023-04-22 00:13:19 --> syntax error, unexpected '}', expecting end of file
in APPPATH/Views/trash_view.php on line 88.
 1 SYSTEMPATH/View/View.php(216): CodeIgniter\View\View->CodeIgniter\View\{closure}()
 2 SYSTEMPATH/Common.php(1184): CodeIgniter\View\View->render()
 3 APPPATH/Controllers/PapeleraController.php(31): view()
 4 SYSTEMPATH/CodeIgniter.php(934): App\Controllers\PapeleraController->index()
 5 SYSTEMPATH/CodeIgniter.php(499): CodeIgniter\CodeIgniter->runController()
 6 SYSTEMPATH/CodeIgniter.php(368): CodeIgniter\CodeIgniter->handleRequest()
 7 FCPATH/index.php(67): CodeIgniter\CodeIgniter->run()
INFO - 2023-04-22 00:13:30 --> Session: Class initialized using 'CodeIgniter\Session\Handlers\FileHandler' driver.
CRITICAL - 2023-04-22 00:13:30 --> count(): Parameter must be an array or an object that implements Countable
in APPPATH/Views/trash_view.php on line 59.
 1 APPPATH/Views/trash_view.php(59): CodeIgniter\Debug\Exceptions->errorHandler()
 2 SYSTEMPATH/View/View.php(213): include('APPPATH/Views/trash_view.php')
 3 SYSTEMPATH/View/View.php(216): CodeIgniter\View\View->CodeIgniter\View\{closure}()
 4 SYSTEMPATH/Common.php(1184): CodeIgniter\View\View->render()
 5 APPPATH/Controllers/PapeleraController.php(31): view()
 6 SYSTEMPATH/CodeIgniter.php(934): App\Controllers\PapeleraController->index()
 7 SYSTEMPATH/CodeIgniter.php(499): CodeIgniter\CodeIgniter->runController()
 8 SYSTEMPATH/CodeIgniter.php(368): CodeIgniter\CodeIgniter->handleRequest()
 9 FCPATH/index.php(67): CodeIgniter\CodeIgniter->run()
INFO - 2023-04-22 00:13:56 --> Session: Class initialized using 'CodeIgniter\Session\Handlers\FileHandler' driver.
CRITICAL - 2023-04-22 00:13:56 --> count(): Parameter must be an array or an object that implements Countable
in APPPATH/Views/trash_view.php on line 59.
 1 APPPATH/Views/trash_view.php(59): CodeIgniter\Debug\Exceptions->errorHandler()
 2 SYSTEMPATH/View/View.php(213): include('APPPATH/Views/trash_view.php')
 3 SYSTEMPATH/View/View.php(216): CodeIgniter\View\View->CodeIgniter\View\{closure}()
 4 SYSTEMPATH/Common.php(1184): CodeIgniter\View\View->render()
 5 APPPATH/Controllers/PapeleraController.php(31): view()
 6 SYSTEMPATH/CodeIgniter.php(934): App\Controllers\PapeleraController->index()
 7 SYSTEMPATH/CodeIgniter.php(499): CodeIgniter\CodeIgniter->runController()
 8 SYSTEMPATH/CodeIgniter.php(368): CodeIgniter\CodeIgniter->handleRequest()
 9 FCPATH/index.php(67): CodeIgniter\CodeIgniter->run()
INFO - 2023-04-22 00:14:16 --> Session: Class initialized using 'CodeIgniter\Session\Handlers\FileHandler' driver.
INFO - 2023-04-22 00:15:14 --> Session: Class initialized using 'CodeIgniter\Session\Handlers\FileHandler' driver.
INFO - 2023-04-22 00:15:44 --> Session: Class initialized using 'CodeIgniter\Session\Handlers\FileHandler' driver.
INFO - 2023-04-22 00:15:51 --> Session: Class initialized using 'CodeIgniter\Session\Handlers\FileHandler' driver.
INFO - 2023-04-22 00:15:52 --> Session: Class initialized using 'CodeIgniter\Session\Handlers\FileHandler' driver.
INFO - 2023-04-22 00:15:54 --> Session: Class initialized using 'CodeIgniter\Session\Handlers\FileHandler' driver.
INFO - 2023-04-22 00:15:56 --> Session: Class initialized using 'CodeIgniter\Session\Handlers\FileHandler' driver.
INFO - 2023-04-22 00:15:57 --> Session: Class initialized using 'CodeIgniter\Session\Handlers\FileHandler' driver.
INFO - 2023-04-22 00:17:29 --> Session: Class initialized using 'CodeIgniter\Session\Handlers\FileHandler' driver.
INFO - 2023-04-22 00:17:35 --> Session: Class initialized using 'CodeIgniter\Session\Handlers\FileHandler' driver.
INFO - 2023-04-22 00:17:46 --> Session: Class initialized using 'CodeIgniter\Session\Handlers\FileHandler' driver.
INFO - 2023-04-22 00:17:48 --> Session: Class initialized using 'CodeIgniter\Session\Handlers\FileHandler' driver.
INFO - 2023-04-22 00:17:58 --> Session: Class initialized using 'CodeIgniter\Session\Handlers\FileHandler' driver.
INFO - 2023-04-22 00:19:40 --> Session: Class initialized using 'CodeIgniter\Session\Handlers\FileHandler' driver.
INFO - 2023-04-22 00:19:59 --> Session: Class initialized using 'CodeIgniter\Session\Handlers\FileHandler' driver.
INFO - 2023-04-22 00:20:38 --> Session: Class initialized using 'CodeIgniter\Session\Handlers\FileHandler' driver.
INFO - 2023-04-22 00:21:28 --> Session: Class initialized using 'CodeIgniter\Session\Handlers\FileHandler' driver.
INFO - 2023-04-22 00:22:06 --> Session: Class initialized using 'CodeIgniter\Session\Handlers\FileHandler' driver.
INFO - 2023-04-22 00:23:21 --> Session: Class initialized using 'CodeIgniter\Session\Handlers\FileHandler' driver.
INFO - 2023-04-22 00:23:29 --> Session: Class initialized using 'CodeIgniter\Session\Handlers\FileHandler' driver.
CRITICAL - 2023-04-22 00:23:29 --> strcmp() expects parameter 1 to be string, array given
in APPPATH/Controllers/PerfilUsuarioController.php on line 117.
 1 [internal function]: CodeIgniter\Debug\Exceptions->errorHandler()
 2 APPPATH/Controllers/PerfilUsuarioController.php(117): strcmp()
 3 APPPATH/Controllers/PerfilUsuarioController.php(80): App\Controllers\PerfilUsuarioController->checkFormPassword()
 4 SYSTEMPATH/CodeIgniter.php(934): App\Controllers\PerfilUsuarioController->editPassword()
 5 SYSTEMPATH/CodeIgniter.php(499): CodeIgniter\CodeIgniter->runController()
 6 SYSTEMPATH/CodeIgniter.php(368): CodeIgniter\CodeIgniter->handleRequest()
 7 FCPATH/index.php(67): CodeIgniter\CodeIgniter->run()
INFO - 2023-04-22 00:24:10 --> Session: Class initialized using 'CodeIgniter\Session\Handlers\FileHandler' driver.
INFO - 2023-04-22 00:25:25 --> Session: Class initialized using 'CodeIgniter\Session\Handlers\FileHandler' driver.
INFO - 2023-04-22 00:25:34 --> Session: Class initialized using 'CodeIgniter\Session\Handlers\FileHandler' driver.
INFO - 2023-04-22 00:25:51 --> Session: Class initialized using 'CodeIgniter\Session\Handlers\FileHandler' driver.
INFO - 2023-04-22 00:25:57 --> Session: Class initialized using 'CodeIgniter\Session\Handlers\FileHandler' driver.
INFO - 2023-04-22 00:26:09 --> Session: Class initialized using 'CodeIgniter\Session\Handlers\FileHandler' driver.
INFO - 2023-04-22 00:26:37 --> Session: Class initialized using 'CodeIgniter\Session\Handlers\FileHandler' driver.
INFO - 2023-04-22 00:26:38 --> Session: Class initialized using 'CodeIgniter\Session\Handlers\FileHandler' driver.
INFO - 2023-04-22 00:26:46 --> Session: Class initialized using 'CodeIgniter\Session\Handlers\FileHandler' driver.
INFO - 2023-04-22 00:27:03 --> Session: Class initialized using 'CodeIgniter\Session\Handlers\FileHandler' driver.
INFO - 2023-04-22 00:28:02 --> Session: Class initialized using 'CodeIgniter\Session\Handlers\FileHandler' driver.
INFO - 2023-04-22 00:28:06 --> Session: Class initialized using 'CodeIgniter\Session\Handlers\FileHandler' driver.
INFO - 2023-04-22 00:28:38 --> Session: Class initialized using 'CodeIgniter\Session\Handlers\FileHandler' driver.
INFO - 2023-04-22 00:28:41 --> Session: Class initialized using 'CodeIgniter\Session\Handlers\FileHandler' driver.
INFO - 2023-04-22 00:28:45 --> Session: Class initialized using 'CodeIgniter\Session\Handlers\FileHandler' driver.
INFO - 2023-04-22 00:28:49 --> Session: Class initialized using 'CodeIgniter\Session\Handlers\FileHandler' driver.
INFO - 2023-04-22 00:28:54 --> Session: Class initialized using 'CodeIgniter\Session\Handlers\FileHandler' driver.
INFO - 2023-04-22 00:29:04 --> Session: Class initialized using 'CodeIgniter\Session\Handlers\FileHandler' driver.
INFO - 2023-04-22 00:29:05 --> Session: Class initialized using 'CodeIgniter\Session\Handlers\FileHandler' driver.
INFO - 2023-04-22 00:29:05 --> Session: Class initialized using 'CodeIgniter\Session\Handlers\FileHandler' driver.
INFO - 2023-04-22 00:29:05 --> Session: Class initialized using 'CodeIgniter\Session\Handlers\FileHandler' driver.
INFO - 2023-04-22 00:29:10 --> Session: Class initialized using 'CodeIgniter\Session\Handlers\FileHandler' driver.
INFO - 2023-04-22 00:29:10 --> Session: Class initialized using 'CodeIgniter\Session\Handlers\FileHandler' driver.
INFO - 2023-04-22 00:29:10 --> Session: Class initialized using 'CodeIgniter\Session\Handlers\FileHandler' driver.
INFO - 2023-04-22 00:29:13 --> Session: Class initialized using 'CodeIgniter\Session\Handlers\FileHandler' driver.
INFO - 2023-04-22 00:29:14 --> Session: Class initialized using 'CodeIgniter\Session\Handlers\FileHandler' driver.
INFO - 2023-04-22 00:29:14 --> Session: Class initialized using 'CodeIgniter\Session\Handlers\FileHandler' driver.
INFO - 2023-04-22 00:29:15 --> Session: Class initialized using 'CodeIgniter\Session\Handlers\FileHandler' driver.
INFO - 2023-04-22 00:29:15 --> Session: Class initialized using 'CodeIgniter\Session\Handlers\FileHandler' driver.
INFO - 2023-04-22 00:29:17 --> Session: Class initialized using 'CodeIgniter\Session\Handlers\FileHandler' driver.
INFO - 2023-04-22 00:30:10 --> Session: Class initialized using 'CodeIgniter\Session\Handlers\FileHandler' driver.
INFO - 2023-04-22 00:30:10 --> Session: Class initialized using 'CodeIgniter\Session\Handlers\FileHandler' driver.
