CRITICAL - 2023-06-06 12:51:00 --> Argument 2 passed to view() must be of the type array, null given, called in /home/dev/www/code4/app/Controllers/LoginController.php on line 15
in SYSTEMPATH/Common.php on line 1172.
 1 APPPATH/Controllers/LoginController.php(15): view()
 2 SYSTEMPATH/CodeIgniter.php(934): App\Controllers\LoginController->index()
 3 SYSTEMPATH/CodeIgniter.php(499): CodeIgniter\CodeIgniter->runController()
 4 SYSTEMPATH/CodeIgniter.php(368): CodeIgniter\CodeIgniter->handleRequest()
 5 FCPATH/index.php(67): CodeIgniter\CodeIgniter->run()
CRITICAL - 2023-06-06 12:51:03 --> Argument 2 passed to view() must be of the type array, null given, called in /home/dev/www/code4/app/Controllers/LoginController.php on line 15
in SYSTEMPATH/Common.php on line 1172.
 1 APPPATH/Controllers/LoginController.php(15): view()
 2 SYSTEMPATH/CodeIgniter.php(934): App\Controllers\LoginController->index()
 3 SYSTEMPATH/CodeIgniter.php(499): CodeIgniter\CodeIgniter->runController()
 4 SYSTEMPATH/CodeIgniter.php(368): CodeIgniter\CodeIgniter->handleRequest()
 5 FCPATH/index.php(67): CodeIgniter\CodeIgniter->run()
CRITICAL - 2023-06-06 12:51:04 --> Argument 2 passed to view() must be of the type array, null given, called in /home/dev/www/code4/app/Controllers/LoginController.php on line 15
in SYSTEMPATH/Common.php on line 1172.
 1 APPPATH/Controllers/LoginController.php(15): view()
 2 SYSTEMPATH/CodeIgniter.php(934): App\Controllers\LoginController->index()
 3 SYSTEMPATH/CodeIgniter.php(499): CodeIgniter\CodeIgniter->runController()
 4 SYSTEMPATH/CodeIgniter.php(368): CodeIgniter\CodeIgniter->handleRequest()
 5 FCPATH/index.php(67): CodeIgniter\CodeIgniter->run()
CRITICAL - 2023-06-06 12:51:05 --> Argument 2 passed to view() must be of the type array, null given, called in /home/dev/www/code4/app/Controllers/LoginController.php on line 15
in SYSTEMPATH/Common.php on line 1172.
 1 APPPATH/Controllers/LoginController.php(15): view()
 2 SYSTEMPATH/CodeIgniter.php(934): App\Controllers\LoginController->index()
 3 SYSTEMPATH/CodeIgniter.php(499): CodeIgniter\CodeIgniter->runController()
 4 SYSTEMPATH/CodeIgniter.php(368): CodeIgniter\CodeIgniter->handleRequest()
 5 FCPATH/index.php(67): CodeIgniter\CodeIgniter->run()
CRITICAL - 2023-06-06 12:52:21 --> Argument 2 passed to view() must be of the type array, null given, called in /home/dev/www/code4/app/Controllers/LoginController.php on line 15
in SYSTEMPATH/Common.php on line 1172.
 1 APPPATH/Controllers/LoginController.php(15): view()
 2 SYSTEMPATH/CodeIgniter.php(934): App\Controllers\LoginController->index()
 3 SYSTEMPATH/CodeIgniter.php(499): CodeIgniter\CodeIgniter->runController()
 4 SYSTEMPATH/CodeIgniter.php(368): CodeIgniter\CodeIgniter->handleRequest()
 5 FCPATH/index.php(67): CodeIgniter\CodeIgniter->run()
CRITICAL - 2023-06-06 12:52:22 --> Argument 2 passed to view() must be of the type array, null given, called in /home/dev/www/code4/app/Controllers/LoginController.php on line 15
in SYSTEMPATH/Common.php on line 1172.
 1 APPPATH/Controllers/LoginController.php(15): view()
 2 SYSTEMPATH/CodeIgniter.php(934): App\Controllers\LoginController->index()
 3 SYSTEMPATH/CodeIgniter.php(499): CodeIgniter\CodeIgniter->runController()
 4 SYSTEMPATH/CodeIgniter.php(368): CodeIgniter\CodeIgniter->handleRequest()
 5 FCPATH/index.php(67): CodeIgniter\CodeIgniter->run()
CRITICAL - 2023-06-06 12:52:24 --> Argument 2 passed to view() must be of the type array, null given, called in /home/dev/www/code4/app/Controllers/LoginController.php on line 15
in SYSTEMPATH/Common.php on line 1172.
 1 APPPATH/Controllers/LoginController.php(15): view()
 2 SYSTEMPATH/CodeIgniter.php(934): App\Controllers\LoginController->index()
 3 SYSTEMPATH/CodeIgniter.php(499): CodeIgniter\CodeIgniter->runController()
 4 SYSTEMPATH/CodeIgniter.php(368): CodeIgniter\CodeIgniter->handleRequest()
 5 FCPATH/index.php(67): CodeIgniter\CodeIgniter->run()
CRITICAL - 2023-06-06 12:52:27 --> Argument 2 passed to view() must be of the type array, null given, called in /home/dev/www/code4/app/Controllers/LoginController.php on line 15
in SYSTEMPATH/Common.php on line 1172.
 1 APPPATH/Controllers/LoginController.php(15): view()
 2 SYSTEMPATH/CodeIgniter.php(934): App\Controllers\LoginController->index()
 3 SYSTEMPATH/CodeIgniter.php(499): CodeIgniter\CodeIgniter->runController()
 4 SYSTEMPATH/CodeIgniter.php(368): CodeIgniter\CodeIgniter->handleRequest()
 5 FCPATH/index.php(67): CodeIgniter\CodeIgniter->run()
CRITICAL - 2023-06-06 12:52:38 --> Argument 2 passed to view() must be of the type array, null given, called in /home/dev/www/code4/app/Controllers/LoginController.php on line 15
in SYSTEMPATH/Common.php on line 1172.
 1 APPPATH/Controllers/LoginController.php(15): view()
 2 SYSTEMPATH/CodeIgniter.php(934): App\Controllers\LoginController->index()
 3 SYSTEMPATH/CodeIgniter.php(499): CodeIgniter\CodeIgniter->runController()
 4 SYSTEMPATH/CodeIgniter.php(368): CodeIgniter\CodeIgniter->handleRequest()
 5 FCPATH/index.php(67): CodeIgniter\CodeIgniter->run()
CRITICAL - 2023-06-06 12:53:35 --> Argument 2 passed to view() must be of the type array, null given, called in /home/dev/www/code4/app/Controllers/LoginController.php on line 15
in SYSTEMPATH/Common.php on line 1172.
 1 APPPATH/Controllers/LoginController.php(15): view()
 2 SYSTEMPATH/CodeIgniter.php(934): App\Controllers\LoginController->index()
 3 SYSTEMPATH/CodeIgniter.php(499): CodeIgniter\CodeIgniter->runController()
 4 SYSTEMPATH/CodeIgniter.php(368): CodeIgniter\CodeIgniter->handleRequest()
 5 FCPATH/index.php(67): CodeIgniter\CodeIgniter->run()
CRITICAL - 2023-06-06 12:53:39 --> Argument 2 passed to view() must be of the type array, null given, called in /home/dev/www/code4/app/Controllers/LoginController.php on line 15
in SYSTEMPATH/Common.php on line 1172.
 1 APPPATH/Controllers/LoginController.php(15): view()
 2 SYSTEMPATH/CodeIgniter.php(934): App\Controllers\LoginController->index()
 3 SYSTEMPATH/CodeIgniter.php(499): CodeIgniter\CodeIgniter->runController()
 4 SYSTEMPATH/CodeIgniter.php(368): CodeIgniter\CodeIgniter->handleRequest()
 5 FCPATH/index.php(67): CodeIgniter\CodeIgniter->run()
CRITICAL - 2023-06-06 12:55:14 --> Argument 2 passed to view() must be of the type array, null given, called in /home/dev/www/code4/app/Controllers/LoginController.php on line 15
in SYSTEMPATH/Common.php on line 1172.
 1 APPPATH/Controllers/LoginController.php(15): view()
 2 SYSTEMPATH/CodeIgniter.php(934): App\Controllers\LoginController->index()
 3 SYSTEMPATH/CodeIgniter.php(499): CodeIgniter\CodeIgniter->runController()
 4 SYSTEMPATH/CodeIgniter.php(368): CodeIgniter\CodeIgniter->handleRequest()
 5 FCPATH/index.php(67): CodeIgniter\CodeIgniter->run()
